1 2
3 2 4 1
3 2 1
3 1 2
1 2 4 5 6 7 3
1 5 6 4 3 2
1 6 5 2 3 4
3 2 1
2 1 3 12 6 4 8 10 13 15 11 9 7 5 14
14 5 13 4 12 3 9 8 2 10 1 7 11 6 15
3 6 12 9 7 1 10 5 2 8 4 13 11 14
3 5 11 10 8 1 7 6 12 2 9 4
1 2
10 4 8 1 3 9 11 7 5 6 2
6 1 4 16 17 13 8 3 7 10 15 14 11 2 9 5 12
7 16 13 10 18 3 9 2 5 6 1 12 8 14 4 17 11 15
3 11 16 7 18 15 17 9 5 8 4 13 10 14 12 2 1 6
11 12 2 3 9 5 6 7 8 10 4 1
7 3 12 10 9 8 1 5 6 14 11 16 15 2 13 4
11 15 18 4 9 6 13 17 5 12 2 14 1 7 19 10 16 8 3
1 10 2 7 18 13 9 14 6 15 4 3 11 8 17 12 5 16
4 3 5 2 1
1 2
6 5 12 3 17 15 18 1 4 9 2 14 10 13 8 16 11 7
8 5 9 4 3 6 7 1 2
11 7 15 4 6 12 9 1 5 14 13 10 8 3 2
10 11 9 7 6 18 5 2 16 17 1 3 4 14 8 15 12 13
12 8 15 14 3 6 11 17 10 13 19 20 2 18 1 16 4 5 7 9
13 5 2 11 17 6 1 15 8 10 3 16 4 18 14 12 7 9
1
5 8 2 3 10 4 1 7 12 9 6 11
