3 1 2 4
6 11 8 9 1 10 5 2 7 3 4
7 6 1 3 4 5 2
11 12 3 13 9 8 5 14 1 10 6 2 7 4
5 6 11 2 4 7 9 10 8 12 3 1
2 1
2 1
5 1 3 10 7 6 2 11 4 8 9
10 7 9 3 4 12 13 15 1 2 6 14 8 11 5
5 4 2 1 3
1 2 6 7 3 5 4
2 1
7 5 8 9 10 6 3 1 2 4
9 5 7 4 2 3 6 8 1
1 2 3
13 3 1 10 5 7 6 11 12 2 9 4 8
4 2 1 3 5
3 2 1
6 1 9 8 10 12 4 7 14 3 11 15 2 13 5
3 4 5 7 1 2 6
10 8 9 4 1 5 6 12 3 11 2 7
5 2 6 4 3 1
4 12 9 2 7 10 6 5 1 11 3 8
9 8 3 11 5 10 2 4 7 1 6
6 10 4 3 5 8 2 9 7 1
5 6 2 7 3 1 4
1 4 7 8 3 6 2 5
1 3 4 5 2
13 7 1 4 14 5 10 8 11 12 6 9 2 3
15 12 10 13 1 2 3 5 4 8 7 14 11 9 6
4 1 6 2 5 3
