0
1
1
1
1
2
2
2
2
3
1
1
2
2
3
3
4
4
5
5
1
2
3
3
4
5
6
6
7
8
2
2
4
4
6
6
8
8
10
10
2
3
5
5
7
8
10
10
12
13
799560060
799560061
799580055
799580055
799600049
799600050
799620044
799620044
799640038
799640039
799580055
799580055
799600050
799600050
799620045
799620045
799640040
799640040
799660035
799660035
799600049
799600050
799620045
799620045
799640040
799640041
799660036
799660036
799680031
799680032
799620044
799620044
799640040
799640040
799660036
799660036
799680032
799680032
799700028
799700028
799640038
799640039
799660035
799660035
799680031
799680032
799700028
799700028
799720024
799720025
52126712
84726360
29035288
29914612
255949573
208330209
504632510
245996883
351302280
35430108
513999932
209560793
25368965
6088450
391699856
888720
129413178
50685376
104488488
20375013
444081132
424260639
50557248
158378715
6704982
54970321
227414520
236065872
19736794
171054036
94337272
181569206
326727398
113852706
416199665
479204550
148416656
221469475
395549770
394934217
45054253
78828403
176707207
497655088
54677582
34280048
377567607
335496105
222637113
138837337
150135799
127727110
336828597
168709860
267974311
761962950
49562470
445954985
2771787
152243865
251874325
169085421
162640461
172864324
341479800
596024
46501182
236742164
152363163
81742280
279126456
47999519
417091770
33748442
67859454
6886854
58997505
599478465
11602462
45677034
9660920
208759428
41970714
198556974
63929745
401225960
114856994
466794282
57282400
113678881
342847616
48956408
208514457
592968
319689403
261447337
7886246
387968070
58425511
41681616
