0 39 / 85
0 388 / 1007
0 378 / 1008
2 328 / 598
1 321 / 508
11 1 / 256
6 139 / 219
0 187 / 880
0 34 / 498
0 1230 / 3208
1 255 / 810
17 84 / 114
0 308 / 5359
0 718 / 923
1 786 / 965
0 254 / 1694
3 4 / 43
0 742 / 1763
0 214 / 800
1 319 / 756
0 1286 / 1653
0 659 / 1703
2 175 / 757
0 239 / 1027
0 358 / 835
1 748 / 1450
0 1125 / 2150
1 2085 / 2457
0 1130 / 1747
1 772 / 1233
0 694 / 1665
1 362 / 2217
0 993 / 1470
0 337 / 964
8 124 / 293
21 13 / 36
0 350 / 464
1 241 / 552
0 2227 / 3712
0 157 / 622
0 1926 / 2000
1 425 / 992
0 942 / 2257
0 378 / 1132
1 65 / 645
0 254 / 2984
0 998 / 2495
0 69 / 867
1 27 / 120
0 29 / 5641
0 204 / 3144
0 391 / 1009
1 224 / 343
0 123 / 1347
0 194 / 501
1 106 / 179
1 44 / 450
3 177 / 234
0 66 / 694
0 2 / 1291
0 281 / 371
0 504 / 2394
0 2 / 69
0 368 / 1887
1 172 / 1264
1 876 / 1165
5 154 / 394
0 590 / 1242
0 52 / 345
0 316 / 2160
56 4 / 5
1 178 / 489
0 26 / 3488
0 243 / 1303
0 530 / 1508
66 5 / 17
0 627 / 2983
60 6 / 26
0 642 / 1041
9 3 / 176
6 142 / 293
0 122 / 1011
3 199 / 284
0 247 / 1038
0 87 / 2248
1 83 / 129
6 16 / 74
0 963 / 2305
2 18 / 936
1 1417 / 2002
0 210 / 650
0 2034 / 2290
0 938 / 1120
0 1395 / 1851
18 177 / 356
0 402 / 864
4 3 / 78
1 243 / 1941
0 23 / 485
0 273 / 2939
1 118 / 193
0 1744 / 3058
0 177 / 1068
2 219 / 286
0 313 / 2257
7 13 / 98
0 360 / 1218
0 578 / 583
0 986 / 1129
1 41 / 252
1 104 / 727
4 86 / 176
1 96 / 363
0 467 / 618
0 57 / 3826
0 120 / 806
3 57 / 709
0 77 / 3011
3 424 / 446
0 279 / 1209
3 592 / 615
0 91 / 167
0 1482 / 1641
0 1995 / 2067
0 47 / 1838
1 108 / 1002
0 182 / 2059
0 340 / 491
1 391 / 1369
0 2124 / 3745
1 562 / 784
7 276 / 287
4 426 / 626
5 370 / 798
3 655 / 756
0 350 / 1746
0 514 / 641
85 13 / 24
2 224 / 355
8 141 / 207
1 110 / 154
14 9 / 18
1 18 / 681
0 157 / 680
1 329 / 655
2 95 / 117
0 885 / 1457
1 256 / 564
0 958 / 2294
99 14 / 15
0 25 / 239
0 728 / 1226
4 14 / 192
2 20 / 298
10 11 / 60
5 313 / 540
2 35 / 235
13 4 / 132
18 118 / 157
3 134 / 764
1 247 / 1059
0 88 / 155
1 265 / 1360
0 224 / 3689
0 837 / 1419
0 773 / 2233
3 155 / 690
0 1055 / 1403
0 123 / 2218
8 219 / 279
1 250 / 352
0 961 / 1606
0 396 / 1072
1 84 / 693
8 168 / 208
0 1028 / 1133
0 1113 / 3039
0 479 / 1225
0 159 / 4030
0 131 / 2019
2 59 / 60
1 92 / 103
0 103 / 1178
1 16 / 1356
5 12 / 88
0 75 / 1061
2 491 / 1095
0 1410 / 2920
0 342 / 538
0 45 / 1606
2 471 / 862
7 4 / 62
0 65 / 73
1 252 / 3823
38 57 / 73
0 42 / 761
0 1759 / 2663
0 192 / 887
0 383 / 4873
7 143 / 170
1 708 / 1160
6 289 / 439
0 309 / 1020
28 17 / 73
10 63 / 130
0 204 / 2009
211 0 / 13
0 1033 / 2119
0 548 / 3370
2 456 / 675
0 1011 / 3077
0 1164 / 7458
430 1 / 3
0 304 / 469
14 51 / 105
2 31 / 95
0 87 / 872
1 140 / 335
1 235 / 481
0 1579 / 3178
0 189 / 323
16 45 / 147
0 680 / 843
0 769 / 1399
0 110 / 818
1 542 / 790
0 1179 / 3362
0 601 / 1130
0 401 / 697
1 646 / 1020
2 127 / 283
4 64 / 666
0 22 / 1889
0 560 / 1693
10 50 / 61
3 111 / 414
1 179 / 545
1 126 / 347
0 200 / 517
0 25 / 104
1 618 / 1361
0 71 / 799
1 220 / 306
5 115 / 425
0 255 / 663
3 278 / 415
0 833 / 4775
0 462 / 1239
0 43 / 82
1 47 / 325
0 175 / 2647
3 112 / 221
2 45 / 503
0 263 / 2211
0 840 / 3469
4 145 / 171
0 929 / 1020
3 120 / 536
1 91 / 756
0 747 / 997
0 21 / 1687
0 1484 / 2198
0 103 / 233
2 580 / 695
8 103 / 137
2 538 / 601
0 66 / 82
0 287 / 2259
3 64 / 91
0 163 / 1428
0 218 / 403
0 216 / 1226
1 13 / 472
15 2 / 357
0 47 / 512
1 476 / 1249
2 502 / 1068
0 62 / 834
1 28 / 219
3 268 / 357
7 322 / 343
0 276 / 597
0 638 / 3319
0 4 / 152
0 68 / 539
2 213 / 257
9 40 / 60
0 4 / 2384
1 262 / 789
0 1456 / 2149
3 181 / 505
1 17 / 126
1 173 / 1333
2 31 / 272
0 62 / 97
0 159 / 288
2 782 / 861
0 706 / 1349
0 404 / 2368
3 97 / 439
2 499 / 1237
0 1402 / 2183
58 3 / 11
15 54 / 79
0 140 / 1558
1 1 / 248
0 234 / 1256
0 484 / 531
0 232 / 814
3 398 / 1115
0 2287 / 2888
1 60 / 709
8 21 / 227
6 307 / 602
2 64 / 740
14 12 / 182
0 147 / 749
0 407 / 1349
1 119 / 648
0 125 / 1886
0 402 / 1347
4 110 / 580
1 276 / 2192
0 861 / 3025
0 308 / 3233
1 349 / 638
13 52 / 227
0 944 / 1922
4 136 / 318
0 147 / 4679
0 204 / 1374
0 385 / 5188
9 206 / 212
1 64 / 431
0 370 / 678
0 1496 / 3231
0 900 / 1487
0 632 / 721
0 7 / 70
1 391 / 806
1 398 / 652
4 278 / 645
2 68 / 1195
0 420 / 3097
0 238 / 838
0 168 / 1131
1 843 / 909
0 16 / 20
314 2 / 8
0 700 / 7790
0 417 / 1271
1 67 / 122
1 694 / 1097
0 492 / 791
9 20 / 171
1 701 / 926
5 396 / 523
12 262 / 322
0 472 / 612
34 11 / 12
0 233 / 946
0 101 / 813
0 161 / 553
0 1858 / 2378
0 920 / 2350
2 571 / 779
7 15 / 50
0 336 / 347
0 532 / 2426
0 132 / 846
3 300 / 364
49 10 / 26
8 162 / 216
0 474 / 1997
0 4 / 1231
0 742 / 2573
4 4 / 1366
0 285 / 1474
0 833 / 1472
46 42 / 46
1 28 / 1295
3 233 / 422
17 10 / 20
6 35 / 666
3 34 / 332
18 23 / 157
0 283 / 328
3 1 / 496
1 144 / 1533
1 587 / 1267
4 41 / 48
0 1115 / 1579
1 622 / 1824
2 315 / 398
0 525 / 774
1 166 / 658
0 52 / 67
0 38 / 4848
1 599 / 690
12 7 / 212
0 769 / 2472
1 507 / 535
6 131 / 183
0 218 / 1696
0 381 / 1833
0 1034 / 3415
1 283 / 784
10 69 / 89
0 95 / 126
0 531 / 2865
0 90 / 258
0 352 / 1340
341 0 / 13
0 649 / 1922
0 56 / 3844
0 277 / 757
2 24 / 806
0 68 / 951
4 45 / 263
0 297 / 367
0 1287 / 1303
1 649 / 661
23 80 / 189
0 484 / 947
0 287 / 1389
2 176 / 384
2 145 / 435
0 773 / 4169
2 222 / 490
26 67 / 190
0 75 / 1579
1 94 / 570
0 394 / 1334
0 1047 / 1511
1 155 / 291
1 1051 / 1289
1 757 / 760
0 1068 / 2346
0 963 / 1501
2 321 / 364
1 188 / 244
6 10 / 102
10 10 / 38
0 209 / 304
5 561 / 622
0 75 / 250
2 140 / 378
0 403 / 2012
0 833 / 961
1 192 / 206
53 57 / 84
25 9 / 24
0 742 / 1960
0 466 / 838
0 536 / 1670
1 39 / 203
7 313 / 372
0 54 / 1771
0 1362 / 2532
0 1350 / 1520
1 930 / 932
3 143 / 278
0 647 / 3203
37 3 / 60
12 51 / 92
0 447 / 2885
0 236 / 262
1 137 / 305
2 13 / 658
0 396 / 657
1 315 / 918
1 99 / 111
0 39 / 1105
0 269 / 648
0 799 / 1176
10 71 / 72
0 43 / 2173
3 158 / 168
0 651 / 801
11 59 / 101
2 139 / 675
0 208 / 5985
0 174 / 452
0 93 / 466
0 1262 / 1814
18 49 / 65
0 1291 / 1413
0 848 / 3349
0 9 / 351
1 178 / 927
0 371 / 4478
0 174 / 619
0 685 / 2368
20 110 / 120
0 332 / 780
2 200 / 489
0 942 / 3139
0 1080 / 1531
0 391 / 792
55 6 / 12
0 2114 / 2423
1 108 / 584
0 339 / 385
11 49 / 319
2 718 / 1458
0 217 / 862
0 61 / 345
0 1266 / 2194
1 414 / 628
3 89 / 1124
0 252 / 553
2 1 / 83
2 1 / 531
3 116 / 441
0 102 / 713
1 2333 / 2434
2 115 / 606
6 74 / 195
0 962 / 2080
5 6 / 53
98 16 / 30
2 673 / 1133
0 171 / 199
1 677 / 2892
0 149 / 1475
0 889 / 1920
0 372 / 2636
0 954 / 1012
23 43 / 68
1 6 / 426
1 919 / 980
5 41 / 343
1 24 / 92
1 374 / 1274
2 211 / 636
1 151 / 498
53 1 / 31
0 72 / 1780
8 264 / 1147
3 54 / 447
1 1314 / 1656
0 26 / 291
4 41 / 224
1 262 / 610
4 457 / 529
3 274 / 423
8 29 / 128
3 285 / 491
0 945 / 1446
0 593 / 762
0 883 / 1670
0 1168 / 2493
0 2152 / 3694
10 3 / 39
1 139 / 833
0 2308 / 6333
2 269 / 321
0 353 / 1958
11 64 / 166
2 101 / 541
0 7 / 2492
0 192 / 283
25 12 / 44
4 342 / 376
0 774 / 1049
5 26 / 113
3 81 / 569
0 577 / 1045
3 130 / 420
0 185 / 1869
1 312 / 2260
1 0 / 1325
0 1102 / 1558
2 17 / 750
1 387 / 1191
9 52 / 114
0 92 / 372
1 121 / 859
2 114 / 407
4 149 / 267
0 10 / 267
29 77 / 87
0 264 / 480
3 159 / 204
0 38 / 253
10 12 / 141
0 18 / 2567
0 133 / 307
2 343 / 1329
4 224 / 738
0 534 / 573
3 18 / 59
0 412 / 972
0 538 / 1059
0 1064 / 2555
11 27 / 159
0 386 / 1571
1 105 / 775
2 159 / 1217
2 496 / 1357
2 34 / 57
2 37 / 752
3 96 / 858
0 500 / 613
0 525 / 3138
7 120 / 123
0 721 / 1303
1 123 / 992
7 174 / 395
3 577 / 793
17 6 / 49
0 237 / 993
0 22 / 166
0 776 / 1259
1 234 / 467
0 103 / 1134
18 2 / 10
14 171 / 234
0 305 / 628
0 1482 / 2440
5 295 / 429
1 303 / 888
14 13 / 62
0 4 / 1019
8 108 / 136
0 214 / 1677
0 201 / 1586
249 0 / 4
0 1019 / 2929
0 309 / 737
3 482 / 1237
2 483 / 791
0 844 / 1583
0 897 / 1168
5 31 / 50
0 627 / 1131
3 284 / 425
2 13 / 519
1 659 / 1686
1 55 / 164
2 89 / 295
0 44 / 4359
0 701 / 846
0 59 / 1797
16 40 / 53
11 27 / 151
2 94 / 452
0 218 / 756
3 262 / 281
5 484 / 727
1 299 / 1121
0 43 / 567
0 723 / 788
0 955 / 1682
7 204 / 288
0 253 / 1855
9 83 / 182
0 412 / 1104
5 7 / 695
1 573 / 830
0 332 / 374
0 904 / 2462
5 490 / 545
2 234 / 740
0 47 / 943
0 447 / 3147
0 472 / 1862
0 458 / 1574
0 467 / 1828
3 149 / 423
2 27 / 282
4 169 / 380
1 16 / 123
0 544 / 1304
3 367 / 381
1 1125 / 1130
0 213 / 1642
0 485 / 508
0 312 / 3678
3 242 / 701
0 699 / 2358
0 354 / 1359
10 13 / 202
1 578 / 742
7 10 / 133
18 62 / 71
6 40 / 303
0 126 / 133
0 778 / 1425
1 51 / 81
2 70 / 698
0 1773 / 3513
0 1595 / 1723
3 300 / 515
42 35 / 38
11 20 / 76
1 71 / 116
0 830 / 1026
0 669 / 721
10 93 / 305
0 157 / 1557
38 26 / 28
2 157 / 331
50 2 / 12
1 350 / 574
0 135 / 4149
1 225 / 690
4 20 / 168
4 628 / 717
8 432 / 710
21 14 / 16
5 158 / 217
0 713 / 2478
10 123 / 214
0 305 / 579
2 314 / 484
1 166 / 689
2 43 / 629
0 1375 / 3630
1 123 / 1087
0 159 / 2440
0 1078 / 2939
0 263 / 1495
0 311 / 2036
5 33 / 430
1 263 / 3316
35 43 / 55
0 20 / 1645
1 15 / 1265
1 452 / 1005
6 37 / 337
0 476 / 872
4 681 / 789
0 68 / 306
0 1594 / 2915
0 71 / 785
0 499 / 553
18 13 / 53
0 1135 / 2797
2 139 / 160
0 433 / 832
0 510 / 537
3 115 / 486
3 105 / 846
2 694 / 879
0 1212 / 1332
0 1550 / 1682
4 894 / 1976
11 143 / 389
0 1541 / 2457
0 609 / 1261
4 105 / 286
4 116 / 132
1 446 / 578
0 161 / 188
1 131 / 668
0 325 / 1391
0 1255 / 2156
2 110 / 172
0 175 / 413
1 16 / 466
0 1815 / 2005
8 59 / 117
5 475 / 846
1 716 / 1212
0 515 / 659
36 34 / 61
0 804 / 1188
0 274 / 929
4 48 / 148
0 1005 / 1557
0 7 / 1403
3 277 / 345
0 243 / 1806
1 322 / 1077
0 7 / 278
1 14 / 95
2 37 / 1426
0 1476 / 1914
2 63 / 594
1 439 / 471
0 349 / 2190
0 1357 / 1473
1 148 / 484
0 217 / 381
0 1207 / 1782
1 180 / 514
0 160 / 2238
1 377 / 414
0 1699 / 1982
0 60 / 2744
11 7 / 31
0 393 / 2964
1 1842 / 1971
0 335 / 2821
0 123 / 800
0 246 / 1238
0 107 / 344
11 41 / 51
4 537 / 735
0 132 / 1299
3 332 / 395
0 737 / 1756
0 423 / 1080
0 1627 / 1901
0 79 / 318
0 2495 / 2720
0 576 / 661
0 341 / 1317
3 2 / 415
0 1518 / 1653
0 222 / 636
3 80 / 136
3 361 / 800
10 495 / 534
1 0 / 625
26 29 / 100
3 444 / 879
5 113 / 347
0 393 / 1083
3 27 / 194
0 37 / 1111
0 40 / 571
1 182 / 337
3 520 / 535
0 1163 / 1764
41 0 / 5
0 329 / 1336
1 623 / 1157
1 962 / 1392
1 57 / 1666
5 188 / 243
6 127 / 210
0 202 / 1506
8 104 / 194
1 349 / 2081
2 192 / 1238
0 14 / 55
0 509 / 1693
0 1295 / 2517
15 100 / 449
2 8 / 23
10 45 / 52
0 345 / 2748
68 15 / 36
0 369 / 836
0 829 / 3565
0 276 / 307
1 696 / 1732
1 255 / 1423
0 84 / 999
0 168 / 302
3 87 / 517
0 106 / 596
1 195 / 255
0 2523 / 3319
0 214 / 1193
0 715 / 739
0 234 / 534
0 436 / 2819
0 714 / 1610
2 113 / 376
4 325 / 436
3 283 / 338
2 977 / 1207
2 269 / 1053
2 80 / 183
0 259 / 783
0 181 / 183
3 227 / 694
0 3 / 264
0 396 / 648
0 123 / 854
0 52 / 643
0 433 / 790
5 294 / 297
1 576 / 831
0 147 / 1173
0 381 / 2090
2 376 / 583
1 164 / 236
0 19 / 168
0 54 / 409
0 85 / 1453
0 944 / 1463
0 18 / 2921
0 815 / 1122
0 425 / 2174
0 515 / 1359
0 614 / 5053
0 371 / 3202
0 191 / 1722
0 446 / 2840
0 768 / 1486
34 1 / 54
0 127 / 760
0 1278 / 3545
4 305 / 343
0 92 / 95
3 116 / 164
3 142 / 164
2 3 / 138
0 99 / 423
0 2946 / 4274
20 1 / 69
0 57 / 1984
7 152 / 219
0 1001 / 1244
0 83 / 292
12 33 / 65
44 11 / 47
1 29 / 293
0 483 / 2430
0 48 / 714
3 53 / 1037
0 780 / 1748
0 758 / 879
1 495 / 547
1 84 / 433
0 1293 / 1402
98 1 / 4
1 60 / 112
0 206 / 529
7 10 / 40
6 44 / 58
1 628 / 1087
1 131 / 149
0 84 / 1399
1 639 / 1994
0 1072 / 2853
1 299 / 1252
0 117 / 535
1 318 / 1222
0 388 / 413
3 36 / 499
0 2256 / 4226
0 437 / 5080
0 216 / 1474
1 70 / 1366
0 3 / 2688
100 2 / 10
8 80 / 258
0 520 / 820
1 233 / 269
5 44 / 312
2 97 / 326
1 1187 / 1825
1 2 / 448
2 83 / 87
4 41 / 199
7 124 / 145
0 1436 / 1857
2 14 / 684
0 108 / 370
0 249 / 406
5 167 / 543
0 324 / 2023
5 34 / 164
10 4 / 51
0 48 / 1928
4 165 / 796
0 571 / 836
0 261 / 1036
0 51 / 2503
15 81 / 85
3 246 / 781
2 171 / 763
1 32 / 355
2 270 / 361
0 75 / 564
3 354 / 553
1 487 / 1146
1 1516 / 1783
0 1276 / 1330
2 303 / 675
5 101 / 243
205 5 / 7
0 143 / 1675
3 119 / 152
0 571 / 1303
0 119 / 324
1 212 / 308
1 71 / 157
0 569 / 1778
0 62 / 441
4 27 / 188
10 2 / 170
1 782 / 1229
3 167 / 425
0 174 / 206
0 107 / 741
4 346 / 530
0 276 / 287
0 35 / 260
1 3 / 152
1 5 / 803
1 864 / 1054
0 234 / 2409
4 51 / 151
6 33 / 45
