5
impossible
impossible
0
1
impossible
0
impossible
0
0
180
impossible
impossible
303
498
impossible
503
impossible
impossible
impossible
impossible
158
impossible
504
impossible
609
500
107
impossible
291
515
impossible
impossible
500
impossible
393
impossible
impossible
impossible
129
352
impossible
247
517
impossible
366
impossible
492
387
507
impossible
impossible
impossible
impossible
impossible
386
impossible
432
501
impossible
99
121
252
111
147
118
95
92
137
228
98
84
96
108
101
103
105
984
94
198
95
114
115
99
105
127
95
98
184
98
97
103
97
103
98
106
112
101
91
331
139
93
154
97
105
136
98
105
113
95
