188
200
250
267000
3000
0
1729
815
9843
9432
11592
101825
2017
1881
2358
26244
84400
6548
14504
2100
5135
974
12844
46285
2415
11880
6528
60498
6460
4929
3862
2642
4185
17535
34910
6226
3890
2700
3194
19486
39613
3456
4905
2214
7005
13290
1844
4108
7165
6994
2438
5556
9902
15182
9456
14164
17361
4684
3194
8355
4680
5292
1565
5403
7316
2612
2262
3230
10044
3724
5055
23965
20005
106800
6368
45855
36167
3003
6020
15296
4998
3610
16839
26789
2382
2944
3727
5661
3026
7648
10057
6304
6609
1806
27677
6085
990
3963
3687
4245
1778
13195
8123
2878
3543
11595
5014
