841.586
70.936
96.418
7738.233
12571.195
1947.242
6781.440
1063.755
5699.425
4256.028
3586.877
243.777
12610.115
1357.168
9526.672
169.646
11666.875
5748.996
25849.363
3938.532
26652.885
26848.124
5387.046
4299.814
28082.985
2684.080
4607.308
22896.007
13176.792
98.175
4.431
27.775
1357.168
9516.241
1096.292
10087.955
2441.069
4235.424
42241.625
6.283
0.785
14945.322
12130.024
33883.389
1045.365
5504.356
6190.587
6624.157
6469.735
6609.184
481.048
1045.365
18625.790
50258.677
18206.369
2155.133
169.646
20679.490
185.830
4580.442
9305.477
21.206
21385.272
2060.476
18.315
16277.214
10093.953
30980.315
12430.259
35721.928
266.442
4235.763
7501.965
1506.987
169.646
17549.214
5076.467
4273.849
2476.235
19249.517
4406.535
18301.988
15703.119
7450.316
17029.013
797.084
1725.520
34504.242
402.124
22528.635
14599.754
4513.267
3551.200
5.704
23402.616
4770.598
59.342
13632.295
3438.981
10880.689
2393.449
17020.084
9272.235
18932.208
8382.808
6506.526
2650.719
2632.831
3344.107
1364.860
28434.299
1456.884
220.847
23352.065
3858.661
8341.861
29960.974
28100.318
11328.407
11904.974
19557.034
52635.980
6263.848
3825.343
969.248
40190.769
572.555
3089.478
4272.604
1241.783
24186.329
14041.276
17517.058
3298.136
14066.185
677.851
15524.369
144.052
4580.442
10160.071
5.068
1725.520
7403.978
5633.754
12401.687
5504.860
55.675
12803.286
329.676
16800.300
11415.863
22223.711
12890.216
28865.121
17123.383
37175.476
7609.904
27030.685
8898.968
3300.672
5587.851
14295.700
1314.904
12249.267
16157.431
5885.957
14194.622
12932.328
13894.479
2650.719
7214.184
1222.420
1831.535
38624.126
7038.151
12022.222
8016.215
8530.372
5785.361
25776.921
2723.858
453.305
312.512
6283.185
50.265
46.585
5426.707
2650.719
610.267
11436.880
1685.012
14050.159
879.137
10275.337
8272.492
11972.258
7978.164
113.326
3236.688
22177.319
3216.991
1937.764
6773.381
1346.178
1100.615
13790.539
5293.135
42769.079
18200.325
43634.095
31215.760
4620.991
1045.365
14763.996
10159.522
16665.499
11243.378
2225.314
1256.250
462.096
5387.046
11.218
4.988
28725.604
98.175
10630.408
5632.105
5344.006
593.417
70.331
4580.442
3421.627
8362.920
6336.377
8437.828
17675.683
0.412
1668.986
1211.560
16457.437
22745.562
12003.869
169.915
2709.618
14196.029
5699.186
6375.572
10797.995
3577.948
13463.152
333.797
2550.229
9.028
17123.795
2410.757
4466.930
4446.233
1609.553
104.263
1168.626
953.448
2584.662
10409.389
72.227
606.774
3131.924
2.044
785.398
3702.038
1921.783
48664.732
3216.991
4.511
9006.073
3252.883
494.514
17289.686
3100.422
51.598
385.080
7847.942
50.265
455.583
6.283
3699.791
33698.975
16255.235
6947.239
14215.638
2.839
7273.572
2748.034
3059.807
371.435
26795.303
46956.431
3046.618
3078.260
6964.410
38749.221
19222.550
9820.871
35617.367
367.936
870.508
91.577
5169.323
7379.802
3.397
1357.168
6786.980
1861.572
3216.991
534.075
6.283
200.989
1725.520
2309.107
36866.183
11978.785
1045.365
593.883
6.420
1357.168
8274.324
269.392
1045.365
6534.961
13474.233
19776.570
2155.133
1356.434
221.616
2967.086
785.398
299.356
11032.431
12536.854
2408.106
8173.503
9257.308
4287.439
17723.393
17827.424
421.986
1725.520
5540.392
9014.584
7920.471
5.386
16914.920
9809.928
34725.867
6007.250
1769.026
43413.656
17.583
1385.464
13393.096
7726.786
1725.520
13845.439
219.784
19817.845
27273.838
169.646
1532.170
20736.710
9647.608
10586.270
21421.411
26929.602
2910.742
1649.068
9092.424
20248.759
26099.367
2992.178
29160.372
22.951
29302.441
16371.263
169.646
18848.413
217.998
10467.952
2728.254
18457.913
785.398
222.196
2650.719
8814.809
3003.533
11402.127
4906.818
6986.938
43552.112
572.555
33973.644
7126.867
35092.797
3858.661
0.824
12905.294
1725.520
3797.870
48.734
11355.697
3461.600
402.124
5928.311
18780.738
14556.121
20146.880
785.398
17950.870
15086.167
21.518
7.614
7216.429
6057.800
6232.429
18996.711
98.175
4490.411
8791.366
39240.968
169.554
7632.829
450.490
16458.587
12239.229
785.398
14281.574
128.137
7667.032
11630.977
9778.517
28163.852
21987.572
17864.330
4580.442
13419.516
593.132
1031.520
44935.800
484.029
1751.153
572.555
5292.952
35923.287
6474.383
15879.404
19415.661
7971.159
11326.552
6853.740
7314.416
19518.434
2631.686
6078.695
11.127
12521.331
2103.521
9852.191
4587.445
7273.572
7410.389
118.063
1357.168
25966.031
402.124
5158.105
16155.783
8704.551
5419.236
1217.421
3590.540
4428.262
19715.027
6864.408
272.413
4754.446
4224.251
13879.185
13038.328
8.073
1800.673
38.707
39.423
572.570
2266.495
12488.043
16574.380
14458.100
6.341
4657.959
212.253
4387.990
29132.151
4126.081
2572.390
6964.062
4.745
281.008
24267.100
572.555
8601.344
10530.957
4144.122
25945.335
21488.717
25343.757
4440.189
785.398
12116.837
101.090
8155.457
183.084
1005.696
28498.242
36083.008
785.398
26824.838
4067.701
899.833
1770.315
22849.446
10587.689
22787.220
4373.063
3459.148
5716.586
2155.133
1741.103
22944.508
6282.163
8804.919
130.126
3581.000
9555.939
71.796
18.259
42744.011
16087.238
572.555
19268.423
7.437
9.665
402.124
2832.102
98.175
1462.526
15232.964
13169.741
8178.031
22375.279
3034.395
37206.006
7300.834
30.037
7040.419
114.210
572.555
3872.539
433.936
22365.234
4928.293
375.098
13278.625
2519.093
3.476
40574.998
3398.154
6795.676
15600.278
20920.520
7242.986
1045.365
12373.122
18287.140
8775.798
20602.223
21978.414
247.623
11346.723
3105.707
1857.176
30261.816
12200.309
27930.901
1725.520
11442.512
6.580
785.398
785.270
3334.675
11668.065
31712.403
5792.869
363.331
16541.046
40013.499
10821.839
6715.862
35.126
22208.575
5637.279
16718.110
25237.441
133.519
5088.552
19062.241
8362.920
199.454
1719.490
8362.920
8545.207
23.671
5490.140
13232.837
673.089
24107.573
9100.162
13716.728
23647.484
17480.065
16402.674
3858.661
2650.719
26.532
98.175
1725.520
9527.643
93.739
4642.940
175.010
12868.728
16588.025
45347.389
269.392
26339.920
45010.627
6.283
1777.916
20247.650
5808.345
40389.791
3714.352
10255.449
9043.934
5422.811
35.842
1898.935
5.466
6283.185
12688.322
31390.369
14659.877
3858.661
91.461
747.953
2670.377
13149.784
5231.962
8571.390
25579.990
6071.285
98.965
19411.336
7273.572
3288.749
11338.933
5083.177
4259.462
433.341
314.953
180.740
785.398
402.124
5563.186
20668.318
2116.567
15850.318
1045.365
3471.491
6777.859
1357.168
1719.078
430.777
37914.125
3858.661
11143.056
8680.741
2326.369
6924.574
9168.221
22486.757
635.176
16754.695
45759.983
3321.381
2024.624
3164.892
7271.375
572.555
2650.719
63.314
35521.510
5667.958
36138.682
10736.272
785.398
1357.168
5391.122
50.265
22745.974
402.124
13289.065
4764.004
6283.185
41.210
7.853
35039.388
33.242
98.175
7.694
19833.321
5001.687
3344.199
3605.009
1357.168
228.942
29.396
15509.618
377.342
3008.224
50.265
6.283
7273.572
108.242
12022.696
13056.826
1269.940
1357.168
12105.711
8723.233
572.555
10616.856
37584.179
6757.950
172.975
169.646
59.494
1725.520
98.175
34398.513
712.945
13563.658
8016.115
6539.952
7389.143
11578.732
2650.719
4432.314
4580.442
23253.162
609.535
5109.981
2510.957
6308.766
906.610
21840.609
1424.201
10661.729
10307.327
16635.462
18315.345
1857.725
47629.974
7996.297
6290.519
9787.263
6916.036
2715.777
25032.621
31167.440
2503.891
1548.242
8427.302
1050.019
2528.571
2155.133
1012.060
7193.947
25571.267
17033.546
14561.982
2426.417
19408.039
8483.847
1725.520
37767.504
10918.876
12362.858
9230.293
10770.522
17.304
26385.086
14511.872
11421.632
12290.348
4670.336
5195.863
4781.679
7939.702
13854.643
23333.150
9555.939
8975.435
2215.424
19.781
10228.983
25.815
572.555
2529.029
13650.244
24596.855
4580.442
1.566
1.407
7624.587
659.352
43746.659
654.636
572.555
9925.223
6564.220
5368.136
2836.681
17387.213
22576.541
2596.200
3946.139
2709.206
25404.620
16210.225
3466.729
4038.534
83.686
1290.087
28732.545
785.398
200.793
35614.336
10384.801
14700.047
15375.787
40213.914
16127.396
17729.254
21.206
526.200
13117.645
28.764
24646.273
31837.993
3028.397
15155.137
808.668
26.374
14359.231
5934.172
6178.956
51.855
1725.520
1045.365
2.680
5387.046
4005.566
21.206
21075.239
9504.519
648.226
17923.564
34201.922
9573.797
1146.861
10507.638
6542.424
6611.840
30830.329
1246.588
1689.944
95.145
4940.976
40.139
262.505
29023.595
700.562
8913.712
5545.154
4580.442
785.398
1253.685
12659.567
3462.745
27040.030
9864.422
3216.991
251.287
286.177
8201.337
15217.762
21485.239
4711.623
172.146
14652.276
21487.471
16318.973
34195.618
69.644
5280.314
2010.292
13357.304
24553.460
148.766
8969.277
165.296
32662.457
27473.018
29903.098
10374.544
15507.969
1483.543
5289.472
11671.133
14969.681
33425.505
16982.404
10237.683
186.470
24640.316
21.206
107.877
19349.063
24.307
457.884
45.992
46282.887
8757.024
785.398
20851.632
23882.579
3216.991
2503.479
6980.894
18415.713
19109.811
11224.285
350.047
1044.662
18259.779
332.424
32705.689
16802.086
1538.489
15135.151
502.573
1008.809
198.355
3.794
2155.133
6.283
14256.848
16823.377
15474.315
1924.256
269.392
31569.115
3858.661
15840.942
4594.954
6693.755
572.555
21336.289
440.026
105.331
7800.139
2423.330
12016.698
155.131
400.557
1725.520
19408.880
17354.459
1318.705
22624.030
34673.737
16874.010
33657.881
3858.661
110.232
15922.125
9482.221
55.896
5.943
36182.190
1725.520
55.179
231.414
9501.772
14546.521
15956.329
2650.719
5972.543
3234.673
12014.134
15233.845
6171.539
4.670
3858.661
5860.910
1357.168
2896.434
38200.427
8299.690
28.127
14.835
467.316
572.555
1045.365
4580.442
5104.418
3152.529
22253.144
5058.057
29725.831
865.400
2155.133
18368.322
10549.639
6511.038
440.304
1357.168
8362.920
32114.248
14423.334
1725.520
19765.188
3781.020
22875.275
16222.542
18083.839
13201.401
2650.719
5387.046
123.156
5.306
32285.616
9694.404
634.215
1045.365
5963.247
6128.681
5078.021
1725.520
50.265
23960.416
4580.442
4006.309
14546.047
29351.281
4462.992
14188.332
19656.944
42.288
18029.809
16436.008
7081.262
2650.719
32967.621
22887.359
642.758
23554.679
25207.639
11701.308
12191.426
5387.046
3634.680
309.529
27949.963
6407.257
342.248
8357.292
30008.509
2976.244
23.989
9315.917
1725.520
26571.045
4543.350
2615.981
4986.353
402.124
17806.014
6283.185
10025.782
11922.768
1357.168
1357.168
1045.365
2153.885
15321.702
841.361
46.887
10155.309
785.398
2776.072
269.392
26181.070
2143.720
402.124
12894.003
17502.098
402.124
7402.923
1601.814
90.052
3872.230
6283.185
2057.912
4285.791
11094.504
795.750
4449.484
7744.461
61.625
12190.467
21901.719
572.555
11135.730
9866.110
3878.274
7810.671
6347.366
24849.345
1761.707
98.175
4.749
24415.820
269.392
404.653
8144.376
1476.949
2151.395
20354.209
50.265
925.658
12631.669
25.262
1152.402
2642.760
1.964
18738.796
226.577
5953.747
322.752
1357.168
216.671
11372.364
4539.641
22656.815
539.112
7521.563
20197.201
24.626
358.508
17821.060
572.555
7496.654
23887.926
3542.737
24261.447
10724.825
7121.006
9785.523
430.118
8241.905
23264.426
13430.963
5477.776
572.555
11630.977
269.392
14420.038
4929.026
1357.168
3705.973
2155.133
13564.344
3696.220
22865.610
21038.471
1502.778
10206.776
2285.892
16014.573
2019.679
1.885
13355.504
11247.911
10559.941
2325.848
6784.736
33209.109
36432.583
17670.302
400.809
19708.044
19940.853
2618.545
12105.298
6365.997
8901.258
2858.293
16942.839
28518.751
1045.365
201.469
62.822
21629.690
741.039
26.854
12530.077
16176.268
11784.643
468.873
8892.466
33314.547
12343.077
21334.996
32311.566
22252.229
2650.719
3149.751
6.818
14868.658
2155.133
10287.546
45491.966
667.594
11119.672
923.643
14207.396
10692.636
15942.485
27673.183
975.017
16321.033
4760.525
50.265
16.031
42654.909
8023.866
2155.133
36967.931
9349.007
19387.022
13119.648
183.605
13488.153
10681.921
6283.185
17431.630
41363.808
17160.489
7.057
4836.396
2443.771
15573.378
6.800
7157.866
1323.284
330.550
12609.186
572.555
22.716
15020.873
262.940
10585.903
924.055
77.320
211.243
61.814
119.337
4795.965
3216.991
5387.046
13223.679
11783.452
433.977
1539.130
302.890
5549.687
4909.291
5251.376
11632.213
409.746
7033.093
31133.348
4847.202
18915.173
15613.466
10775.833
22371.233
6122.133
1854.429
9010.875
8750.156
2051.319
1392.882
3570.393
17425.036
2155.133
30965.251
2132.593
2.282
5029.852
146.041
16289.125
835.729
3216.991
324.056
7608.881
27.490
3388.705
475.955
9765.052
3626.438
12444.316
3216.991
15247.159
580.991
16529.599
572.555
23026.011
9374.343
14867.453
31842.848
5401.882
11.717
8566.155
29538.989
1185.278
2464.513
4576.272
7.455
11570.719
11117.918
10.302
4407.618
32051.854
25123.644
30856.645
4933.055
44.323
8705.513
92.721
30.355
12580.444
51007.421
4.908
9732.042
20593.225
660.025
25641.483
2650.719
14182.952
12216.564
9147.645
21520.531
9692.481
38144.549
5387.046
13862.885
4019.065
14388.398
10984.811
3892.011
28272.620
1440.389
14116.919
2109.251
28829.173
28583.844
2925.327
60.193
750.197
1980.988
14778.286
2228.611
15577.201
11201.390
60.768
2650.719
8.392
12302.005
5185.807
1111.558
126.147
5456.508
16941.694
4429.841
145.332
5387.046
785.398
3216.991
18578.422
99.178
100.284
10862.456
785.398
7358.373
10049.996
1938.496
20769.602
5387.046
3216.991
9564.184
33465.637
2650.719
6939.318
1045.365
98.175
1950.035
8687.335
5312.915
367.177
13752.626
31019.235
8411.689
20180.076
17.941
7.535
34457.794
15771.802
26034.119
2304.343
295.457
1.487
14288.259
9963.548
13420.340
148.031
7974.559
38733.537
86.232
22180.616
24845.655
1725.520
13080.295
9272.144
1183.771
448.772
22994.916
4164.177
2231.496
5387.046
39212.681
15577.934
4752.283
8992.102
6248.188
402.124
28235.902
155.989
14511.797
15916.584
1045.365
2650.719
179.862
98.175
18325.464
395.611
64.490
10492.266
2650.719
17060.744
9470.169
3216.991
6351.762
572.555
11636.838
20448.799
316.489
13176.334
8719.936
243.765
15074.994
4869.684
0.785
12932.877
4450.629
19717.019
1047.134
9357.447
287.658
20228.566
2556.100
9266.096
242.312
17820.685
4.351
3739.765
1845.499
24949.484
3000.786
14574.024
8572.955
6100.155
13860.824
3324.235
4935.986
1523.808
31.545
9773.251
4808.927
17769.319
1880.391
20277.068
18567.364
1859.059
5843.935
5144.780
33275.515
1191.001
13911.924
161.541
269.392
278.143
4048.241
9871.971
6321.954
3599.143
36941.879
15866.371
34.410
16035.451
402.124
6082.892
400.648
8974.519
82.413
39.546
8958.814
2967.086
11790.648
8.710
29616.300
36331.104
12810.439
16.668
44262.256
132.237
414.839
13925.523
8362.920
10586.270
17241.333
10578.943
98.175
15.713
1692.475
26191.894
12114.575
23631.191
1002.948
8770.334
1692.552
36644.507
15166.937
1725.520
13908.215
14892.574
4006.482
50.265
192.199
2429.470
30697.582
3.472
28312.235
1357.168
2155.133
3436.290
3356.015
3872.047
20673.309
5429.584
27375.077
48727.815
21443.057
1357.168
98.175
727.302
7885.901
1725.520
19761.710
394.879
31.310
4487.260
28003.476
98.175
7140.787
106.253
36269.906
37936.341
5448.589
10758.554
4577.966
1504.422
13519.551
24630.611
14720.455
7430.902
9688.818
14465.341
12035.380
1473.831
65.861
3791.276
14647.972
25709.255
11968.758
13880.187
8.975
195.064
1007.243
17441.978
169.646
283.312
109.151
2037.632
582.245
4159.439
572.555
42856.042
9792.620
10817.501
7912.229
5014.742
9430.251
8784.223
269.392
7180.348
29753.278
28954.517
425.025
3540.127
2650.719
785.398
9219.212
43515.023
4580.442
40879.098
81.139
24785.476
81.832
21275.105
148.854
2781.643
2677.795
3296.762
785.398
269.392
18856.793
0.183
15601.744
770.160
4406.123
9934.265
16703.595
3216.991
9747.539
785.398
12752.792
1164.490
269.392
87.506
11432.592
785.398
7178.784
10444.142
4141.970
24048.406
5387.046
8096.482
36.558
12277.142
2555.677
4738.546
13234.517
785.398
8510.042
786.315
7392.440
572.555
26405.373
27438.662
429.536
4004.833
41479.924
12233.414
5387.046
8372.446
158.794
504.817
1949.481
2472.572
20000.778
4179.882
4617.735
32.977
5604.496
10248.260
308.064
269.392
7931.689
169.646
263.819
1000.613
53.747
30584.599
18544.287
200.324
402.124
314.795
128.940
15402.850
654.655
5282.437
5738.015
14162.524
402.124
10277.198
785.398
104.058
2155.133
693.170
24372.946
66.164
5387.046
7132.448
140.073
616.139
3696.769
419.932
184.619
682.063
7816.885
97.692
14463.399
2155.133
17724.630
7020.638
6775.213
32786.478
5545.363
32546.358
21099.278
5696.805
24229.461
40665.419
381.241
27774.554
17211.162
9521.049
26435.594
5897.404
10774.447
572.555
6577.407
9528.009
577.624
13.737
6964.410
20927.846
396.024
32086.719
164.838
12063.036
18715.601
10980.278
2155.133
1357.168
5983.623
30899.219
25.580
10398.361
122.168
9716.016
1725.520
7528.519
246.630
20229.299
169.646
1725.520
9529.703
30432.577
660.039
50.265
529.470
20739.558
3216.991
29170.164
11901.311
258.089
5803.675
5815.488
3471.819
502.383
1371.453
30220.320
6954.108
15019.359
11191.871
2638.509
9144.486
8292.781
5408.750
27596.515
6001.572
20368.744
1045.365
785.398
98.175
2325.316
121.883
5622.490
7628.341
24071.552
5578.625
36660.790
5653.123
46.429
616.998
3869.117
6572.599
529.313
5856.148
8077.067
12137.579
8057.942
2629.809
5013.963
1292.331
17744.436
6283.185
5385.261
14347.509
7451.095
572.555
6283.185
8076.157
15707.011
18595.799
64.587
16293.475
12313.040
23508.753
15570.060
181.826
357.846
2155.133
741.771
22.397
1045.365
11721.821
6985.518
2232.137
105.198
32037.047
3216.991
7565.757
20447.755
1186.834
46387.158
785.398
8632.846
26745.973
5111.355
8177.618
19585.240
10339.745
370.886
9369.398
1177.906
2423.120
6883.639
1743.987
22894.182
1241.048
564.158
67.134
9262.986
13769.106
13371.667
2155.133
2650.719
6782.951
13892.556
17587.349
572.555
13665.858
40.856
72.203
1940.546
1847.286
4945.143
9198.882
18579.498
8296.210
2620.102
26711.008
22833.604
2.999
8065.941
24233.674
31414.022
2155.133
3096.484
4581.034
1550.211
10681.509
1725.520
269.392
11387.371
11130.647
5769.334
40133.577
18182.559
4893.631
20211.350
19405.154
6764.257
16162.479
3215.579
13773.140
50.265
1357.168
10848.500
2650.719
22506.077
169.646
1045.365
26.405
1233.996
30047.500
11273.557
6554.718
31593.971
8576.527
269.392
169.646
8674.912
1357.168
1725.520
20604.763
9272.144
32101.855
2847.670
17821.151
10563.292
1045.365
14.652
9951.093
17533.509
5934.172
785.398
572.555
16.349
6283.185
29618.935
0.785
20643.500
1869.264
4786.899
2968.322
16116.359
169.646
19061.467
828.411
14072.046
11652.687
2127.511
2209.460
1045.365
169.646
7273.572
169.646
4580.442
712.101
2019.267
11699.476
9026.535
13148.764
46463.129
10050.591
702.122
98.175
11514.125
3666.110
3203.189
402.124
13135.537
27704.341
572.555
652.759
1905.529
7.137
31515.393
1671.458
98.175
11040.261
4010.840
34904.695
47946.546
1354.603
13828.818
26235.211
6955.252
13207.379
51.512
14825.494
7979.172
1725.520
169.646
3520.209
423.588
6458.905
9057.043
25025.447
6315.314
7576.672
7564.192
3518.012
32.868
7832.769
269.392
3858.661
8317.731
8469.016
7833.839
6161.611
15595.745
18773.229
16992.611
13014.381
18217.083
24157.437
14119.620
27687.078
13269.996
14360.696
169.646
785.398
18.896
203.658
29483.774
7934.208
24784.339
4887.541
402.124
159.527
26557.251
1831.535
2650.719
7326.138
10951.149
11418.240
3858.661
1045.365
12286.117
12672.754
19336.159
574.369
16871.867
402.124
18816.106
12993.562
7753.985
16933.452
10316.210
9301.265
49509.933
14769.494
2650.719
28283.850
21285.712
31450.058
134.105
145.561
13145.198
13436.263
5539.659
4085.787
16288.615
17822.954
33120.630
15191.480
11712.297
35260.946
3837.198
4580.442
124.158
16502.217
4.272
8775.981
11523.112
12600.958
8078.670
33758.876
10282.967
269.392
26477.533
19641.743
8937.934
9193.021
10330.999
15595.654
14681.940
12007.357
141.349
843.971
8023.586
2.203
13650.244
2315.151
195.777
572.555
33202.332
25741.119
2427.516
23289.556
103.024
369.543
8664.303
24803.373
25.899
3135.541
20794.327
7808.198
13351.887
26585.090
12512.723
1810.747
5024.998
3434.127
6371.863
17409.102
13248.313
6382.532
785.398
27185.233
30248.161
785.398
4615.467
37182.898
15942.318
39335.859
12725.864
15143.558
45991.966
4828.658
15889.661
6428.686
445.397
7278.060
2570.742
6.261
13546.029
13.485
18958.672
23306.826
28926.798
15775.244
13271.070
11083.714
8838.390
26280.185
15728.095
1388.486
16587.531
8359.765
10996.030
17609.838
21316.669
7058.459
23365.802
278.576
10469.705
4806.679
10857.344
22031.116
11468.291
28240.962
54.401
9544.310
24897.148
1357.168
984.633
9555.939
6696.548
7087.627
22090.504
23312.474
32050.472
11218.149
402.124
496.327
4580.563
6588.167
5384.712
13819.203
17986.145
6056.793
4943.274
10859.077
11655.069
1065.633
4688.728
33886.104
20.169
25488.917
33528.143
9084.411
402.124
2730.955
6396.955
115.517
8127.618
15078.795
3858.585
3961.975
15239.283
21673.647
752.211
47166.276
402.124
7273.572
16183.439
25578.479
11771.776
161.957
16091.087
9.983
10549.639
498.635
6283.185
254.704
13218.368
14220.572
7273.572
14537.988
2.601
805.875
275.278
28.445
9504.565
717.962
27211.452
933.259
7568.450
192.861
27007.075
954.701
13302.481
4272.604
35145.552
2304.803
1657.658
808.717
4872.383
4400.262
600.329
10214.193
5344.143
26466.513
18134.481
12820.742
17948.489
25019.184
33837.014
10311.488
14470.405
785.398
18525.376
9917.759
3216.991
402.388
1357.168
6877.006
23784.903
3375.884
2531.913
22436.298
9739.368
14652.871
24987.717
23.667
2965.665
365.644
2155.133
27429.061
8627.260
5263.372
3453.770
3729.966
9591.929
3814.171
21.206
6007.549
17150.306
14538.721
7772.849
9046.315
98.175
25651.766
3302.623
14017.100
5983.678
1045.365
103.848
16315.543
31017.830
7273.572
7877.064
21.206
2530.956
20472.764
25418.540
28910.772
15444.919
25183.600
12859.433
5553.945
1696.184
3601.255
34960.011
2.760
28388.785
7.296
82.053
4501.683
1567.107
3206.471
2933.248
2650.719
21140.487
15.076
26111.406
13539.802
23.352
13796.658
1520.723
10993.786
4580.442
12287.902
13793.617
18610.955
12981.001
793.970
7649.422
29955.589
2381.911
6244.022
7852.704
19377.635
7741.544
7775.615
13407.311
21.206
21140.899
19530.553
28273.032
18025.047
31068.748
111.697
25398.052
2403.340
5818.419
14.121
14339.450
1.168
7814.563
1822.772
267.038
3481.381
466.675
27361.760
4333.411
7917.331
29295.944
10710.427
4580.442
12863.306
52.315
20475.365
27490.324
19816.811
47228.359
897.452
22885.527
9058.771
6393.573
12397.199
3472.727
44174.004
35685.547
206.523
16270.803
2155.133
26162.967
63.774
15391.300
12636.202
8.791
1725.520
15570.264
2320.921
11732.993
3446.215
5516.216
5387.046
1045.365
358.981
3.434
931.290
14223.331
8970.289
269.392
237.367
1276.215
3838.164
37.960
12317.115
15621.707
10127.653
9704.019
12877.977
9067.241
0.054
2975.328
6099.422
18.578
27.964
3510.373
15258.239
27325.625
15987.579
1725.520
9679.714
5083.058
13261.261
3627.949
27.172
11332.620
3292.490
952.398
42915.168
10004.254
4460.169
5715.303
1725.520
2976.651
65.206
8864.627
7399.583
1602.226
12902.016
20556.429
14810.521
22853.790
98.175
8221.758
1858.432
53.128
7778.710
1190.834
1820.637
6160.366
11.893
18528.913
116.790
56.612
2034.652
5222.071
402.124
9972.705
19337.845
15441.616
393.719
340.482
3271.212
18595.994
70.220
6030.877
260.954
9238.121
4745.059
792.047
3858.661
1128.317
14152.204
288.100
11856.028
402.124
1402.269
7326.275
91.325
15850.387
1488.122
2155.133
11141.231
28704.630
98.175
7595.740
6858.364
4363.087
897.543
500.604
1270.352
18458.883
1357.168
11891.238
49382.919
20613.283
20565.935
421.986
4303.511
10993.786
2747.302
31662.104
201.927
2296.120
3858.661
16025.927
12817.811
9312.941
3216.991
476.382
3957.763
8541.499
6161.282
3015.438
45056.836
12476.596
51756.166
572.555
10917.090
24475.162
2038.864
73.500
5923.869
600.835
3956.115
5063.827
31136.087
20319.044
8525.793
2100.037
6623.378
74.177
572.555
31848.920
2002.783
5814.023
8252.162
233.658
8512.057
21.206
3737.887
22314.959
32760.338
290.115
10519.235
2650.719
5210.237
19435.761
12959.206
10617.680
41136.496
26015.444
24228.397
4158.865
4.113
4636.118
1045.365
14787.764
89.013
28085.712
3858.661
1045.365
15198.420
15202.835
3858.661
19241.598
43285.242
50.166
11090.308
6268.427
1616.078
1323.238
7273.572
2155.133
11754.376
25319.133
947.407
39064.019
19604.638
23828.311
20248.667
1045.365
98.175
183.841
303.255
4457.222
11700.209
13650.656
18101.660
8516.773
20619.111
323.083
1308.494
890.126
116.200
1629.791
36189.283
23746.578
18195.151
991.776
33180.863
20093.895
46150.947
8501.937
23813.208
1154.554
33210.667
1058.627
30342.849
8341.816
7622.114
44702.811
6577.498
22799.347
5237.090
24626.081
9.347
13722.772
242.220
8064.613
8771.127
17663.731
2.289
3407.570
6581.986
21488.479
44545.909
785.398
905.373
1595.633
10300.657
2155.133
13634.313
6462.936
6183.077
20217.961
381.506
577.620
21092.272
69.680
10815.028
947.084
22693.445
18740.641
748.044
6686.824
5281.733
19422.279
3216.991
269.392
8727.628
785.398
14507.585
36324.250
16406.930
7211.667
429.266
3191.266
34307.085
3090.715
7013.129
24053.177
15948.087
269.392
25620.879
269.392
2501.006
2737.221
27195.554
5387.046
12362.858
20949.497
38.691
6159.464
50.582
31552.898
21612.886
3205.185
0.930
20166.500
7076.179
9012.524
3270.388
11815.596
3816.414
42514.163
27141.831
1357.168
37.275
21726.218
10162.819
8309.489
18783.862
6283.185
2.521
28513.558
3.237
1125.295
10296.612
1265.957
6382.126
4089.084
24455.725
5016.161
49461.201
10498.173
274.730
7469.220
72.117
1045.365
21951.210
27464.099
4580.442
23695.249
19856.765
2155.133
269.392
361.745
6688.398
15238.367
1246.176
3216.991
14902.601
830.784
20194.729
1862.579
335.510
17439.872
5025.731
27851.047
847.612
14089.725
169.646
17446.465
11558.600
814.895
21.206
6740.047
1045.365
10304.744
50.265
21020.261
2816.167
1045.365
70.163
1725.520
2155.133
24381.159
6.102
11626.581
12924.681
169.646
5960.775
4580.442
2403.889
11983.959
1357.168
1245.443
16905.266
10517.999
165.936
3272.861
10280.220
11597.480
10640.072
500.696
30917.604
731.686
1068.151
3858.661
39789.177
27839.812
3665.413
7788.967
4307.224
402.124
560.907
4022.782
1357.168
25741.531
7847.851
847.680
4720.938
890.858
5997.222
21233.712
23212.136
17356.079
6360.690
38471.419
334.450
34341.272
1667.337
2155.133
785.398
996.820
3216.991
572.555
5600.100
33655.709
20096.192
4942.697
613.220
269.392
47994.429
887.423
32.261
210.993
2174.947
52.438
2155.133
15958.343
48451.954
785.398
785.398
26711.404
21897.768
269.392
342.153
402.124
11391.595
2650.719
13516.313
119.096
17038.616
7155.897
1357.168
2971.482
23223.415
19088.619
1195.764
2316.114
17424.212
5340.755
2650.719
19264.845
598.362
572.555
1124.013
352.021
16879.422
6157.619
1205.379
26926.305
4155.294
14861.804
6166.319
63.058
402.124
2747.782
10992.138
572.555
11239.028
2829.629
4244.444
43.004
236.799
6685.834
98.175
4673.160
15778.853
785.398
1196.725
32521.196
11673.314
22722.827
121.156
22.079
29873.389
1253.594
1.805
19947.929
1946.005
1357.168
10.620
14064.357
7255.029
132.115
3452.946
6335.251
2004.431
5703.561
19009.131
7329.939
263.741
5124.130
10320.697
5280.203
11144.842
6.283
2354.667
2228.428
3858.661
5206.824
13223.679
12.848
10843.417
290.665
6283.185
6.739
5207.236
3989.082
4392.111
22527.188
14870.275
474.734
4984.704
18094.554
1733.364
770.201
112.970
11695.249
29762.436
34941.943
17675.178
10524.892
3338.926
27107.260
11447.091
3858.661
6189.121
21472.643
10397.164
23809.949
2813.260
369.237
12133.550
2262.815
13782.206
169.646
458.264
5274.819
2960.055
2155.133
2937.415
5438.925
5456.325
16242.490
269.392
5387.046
1921.973
785.398
9555.939
1.248
9988.261
76.046
13540.412
25192.127
534.075
52585.532
3858.661
19887.776
731.652
22867.075
9265.752
14029.417
7522.112
18092.631
1357.168
15824.458
15374.267
37705.006
2318.036
3.954
2155.133
572.555
7619.184
16522.960
78.593
42949.790
14144.895
6283.185
1316.370
18469.560
6644.761
1539.405
5.147
13569.473
14217.149
109.892
6646.272
3.297
15069.891
4359.968
22.253
25743.106
11157.479
979.096
23640.715
269.392
41538.079
17792.980
33258.293
6.023
118.189
43915.576
1045.365
656.422
8287.190
18793.009
240.901
269.392
7417.715
12307.912
19755.520
10046.197
29.082
12395.480
41745.147
10855.249
785.398
12765.063
3858.661
47763.689
28736.304
8498.320
2871.846
16009.810
27.702
5387.046
39801.236
572.555
12002.137
13497.509
59.477
5678.902
266.684
2600.046
8463.155
1357.168
824.191
846.673
1693.254
30222.474
2518.360
23209.205
3066.813
2650.719
238.099
1357.168
23.034
785.398
402.124
214.885
24495.620
4725.084
19384.961
11909.553
16002.850
15431.319
785.398
21781.295
20031.127
1045.365
12486.792
2001.226
10071.654
486.141
11375.203
15048.895
35188.904
8540.308
9886.695
2155.133
732.614
20540.293
20989.248
372.081
9423.245
1045.365
1130.789
28648.002
8362.920
17050.803
20.488
15681.683
12002.595
19849.255
5439.658
785.398
25783.794
9994.539
3789.628
31371.033
8159.486
11852.776
6815.140
1330.009
4313.630
30100.450
785.398
0.850
402.124
189.809
303.684
11954.060
2155.133
3601.346
12237.581
3095.293
10029.483
1608.591
12876.923
1045.365
7377.728
7429.895
29584.440
7146.388
1458.359
11310.138
4168.344
23547.887
169.646
29811.737
4209.599
1.646
28793.146
587.437
1045.365
116.657
4120.953
1687.942
785.398
35413.991
17301.408
3998.148
2650.719
7910.650
1357.168
1045.365
6447.002
19754.611
3219.105
16604.555
18617.831
9025.374
1015.952
1939.137
12542.165
21834.044
26702.674
169.646
9900.589
1357.168
16982.034
18896.879
5387.046
17348.982
5387.046
8205.275
13928.820
17329.043
41938.755
12623.119
326.651
7689.515
21.206
25505.583
3691.962
1357.168
9506.818
269.392
16236.966
17057.048
10338.646
18438.424
52.748
785.398
242.568
25610.535
1793.439
8540.217
4616.383
4876.278
1045.365
402.124
3217.888
2347.983
132.328
486.501
50.265
3876.992
10744.239
769.702
2907.744
1357.168
5265.479
30321.033
3858.661
10166.313
18173.401
1725.520
20661.999
8525.061
6.781
269.392
92.599
1725.520
25131.218
10093.676
17271.187
29390.283
217.982
14827.715
23725.322
4630.302
4580.442
8749.501
11075.060
1357.168
14485.973
793.421
50.265
1759.006
49275.715
29726.767
5616.975
32.052
69.503
785.398
3506.564
27.473
2155.167
3548.598
3408.074
8499.465
353.946
1652.960
197.929
256.415
35681.352
11847.739
163.190
23048.030
2077.647
13.803
4780.305
32314.663
3663.069
1725.520
17643.018
32209.046
1024.933
11590.179
9613.358
8312.786
1590.733
36678.833
5073.717
20087.659
13736.509
968.058
187.820
23141.439
12493.859
167.925
2858.384
25220.230
10096.334
9155.933
9773.251
29323.301
9750.174
5459.438
20841.718
16710.555
2308.695
58.609
4727.511
3918.705
16301.052
26298.088
13786.327
22.234
11868.344
7.773
753.860
40835.346
1576.264
47.301
588.106
6408.906
1565.166
2155.133
30942.746
12410.478
470.862
4188.536
6465.500
26018.890
23102.785
8541.977
785.398
6344.161
3.078
24732.487
6549.343
3905.335
33889.494
45609.343
169.646
744.218
402.124
54247.176
22427.323
7837.411
21609.369
572.555
37401.262
940.264
10463.923
3858.661
38872.910
9924.628
169.646
14.440
14582.179
17251.134
11219.294
2131.540
98.175
572.555
1231.524
32152.518
4847.843
402.124
3216.991
18295.290
7273.572
25198.005
607.664
22124.067
27511.846
10859.168
14225.300
4020.585
2216.157
30.992
30157.590
538.471
572.555
15456.366
21142.077
2022.930
10842.684
307.155
14742.350
7833.107
14160.509
39.561
7605.127
2216.157
1786.433
16664.766
10013.915
5048.724
402.124
8273.119
269.392
98.175
36926.572
1357.168
4880.124
5743.692
8045.565
24919.689
785.398
2634.089
17664.418
1618.344
557.153
16.621
5.784
13093.091
4312.897
269.392
2650.719
18497.171
33006.036
23365.390
6283.185
13020.441
3738.770
13464.801
37596.340
18368.962
13573.960
5755.231
1717.064
24679.745
6315.673
3895.930
1045.365
105.496
33730.108
12923.308
1045.365
30495.123
24794.399
6.482
1045.365
22310.298
9002.358
9643.029
445.285
3342.917
18160.947
3562.280
1647.099
252.360
34572.359
11772.667
35910.242
13031.002
36858.461
16304.458
18606.781
24028.268
15206.315
33005.998
169.646
38816.675
29826.050
24676.020
19632.812
14859.789
16932.537
6909.601
387.553
1851.315
6232.117
41142.825
74.773
5770.478
119.181
3183.548
1127.493
11115.446
13081.552
50.265
2227.869
1162.658
34844.556
402.124
1523.928
4747.337
249.495
4901.585
785.398
1602.593
27124.700
93.775
24300.205
39546.191
218.894
28540.144
1045.365
19801.178
7842.764
32867.512
1357.168
6.182
7269.361
1114.306
4986.353
1929.293
21943.249
17857.095
117.218
4307.769
1009.633
1121.815
1725.520
15184.886
17857.462
29328.882
269.392
402.124
14897.631
3811.057
2469.440
14002.494
2.123
23870.573
11533.906
4355.569
618.143
2874.364
5850.104
8198.681
486.991
17425.014
572.555
402.124
9417.355
9702.217
6724.158
29304.552
24272.848
16310.914
7273.572
20413.609
7099.383
495.247
785.398
1070.769
4314.225
3216.991
21673.892
785.398
1785.197
18990.083
1791.507
402.124
17802.516
1319.254
23135.357
7199.295
21230.500
14900.632
316.370
0.733
2958.249
88.779
2493.176
31.628
4.829
23736.687
2455.218
8415.855
14009.221
785.398
24682.446
47075.423
4049.248
15925.284
29.718
4580.442
2536.858
1183.950
4775.053
342.863
3.635
12600.225
62.341
2729.420
46510.172
9760.247
32358.216
40049.171
1725.520
5142.062
6001.069
3216.991
3750.983
28695.018
11070.427
8832.209
31627.079
9710.063
8703.474
15502.108
19420.127
1725.520
26023.064
411.775
16683.723
859.539
1684.279
23675.866
1045.365
171.904
181.734
6939.593
2036.141
50.265
10899.920
7405.260
2.198
30588.412
269.392
14441.500
17582.731
9479.336
7466.076
4462.900
50.265
26741.137
8720.989
7194.039
4110.879
7195.942
1357.168
15110.160
19187.614
688.108
9969.409
36499.922
9928.382
11283.168
3337.834
102.274
31961.820
6001.298
128.117
10851.476
2816.079
4580.442
11.575
2809.757
14408.591
3777.540
11880.707
229.441
27260.653
32004.881
34050.251
32.968
6.594
3401.432
18021.750
2155.133
12770.886
27572.653
3204.453
1947.150
6225.834
21511.373
23427.161
98.175
44322.361
2104.799
5452.112
6.898
8865.978
21.206
10.938
27916.432
3858.661
275.960
2848.402
25084.331
2155.133
6140.036
68.071
2650.719
6876.313
15831.052
18602.530
8318.601
15878.855
4016.693
6975.949
1725.520
9429.930
209.388
14209.457
3347.175
14727.003
19286.059
572.555
8932.165
7111.665
10209.717
2155.133
18145.379
28144.092
98.175
402.124
9660.566
44.437
1045.365
21398.688
13518.785
29117.003
18714.894
572.555
616.037
16722.773
1672.054
28846.669
35426.092
37960.470
572.555
3589.808
35.898
3675.661
15321.290
8283.939
269.392
22.162
1357.168
21822.561
4580.442
7107.819
169.646
14835.430
9555.939
269.392
6384.043
30382.960
35094.467
2539.881
10424.894
34855.294
31566.039
21835.356
3159.031
1315.611
257.560
50927.973
53.031
16689.858
1772.925
25190.926
3070.934
20027.830
18131.963
24725.716
402.124
3665.954
20152.741
49.450
11079.319
22438.587
4999.707
15548.583
785.398
562.647
14565.095
2155.133
193.776
339.109
22338.860
402.124
13924.405
4.033
11429.154
7252.877
16578.705
1441.738
8070.474
223.712
21.206
15289.879
1616.375
465.808
164.451
8270.523
25345.507
6758.362
14464.544
8858.720
310.262
269.392
4120.953
169.646
62.041
572.555
4525.630
2640.157
3482.205
5612.142
20996.345
4234.508
1190.131
67.355
29340.038
11428.775
21527.142
535.724
50.265
9670.502
6.731
6694.350
30.829
880.052
37339.177
1390.822
2310.481
1045.365
3197.310
1045.365
25.099
5124.863
1025.659
146.078
4016.784
4165.459
31222.352
37.991
3692.374
78.120
189.334
1776.955
6283.185
50.882
11873.289
8635.868
1840.875
7544.778
6.500
17979.854
35951.713
19980.393
5100.457
18859.860
9019.941
148.354
7337.454
289.514
20398.716
120.610
24416.372
402.124
20795.438
27.809
3216.991
1725.520
4501.179
6017.690
8918.652
169.646
43588.712
2185.008
2180.808
2739.197
13564.345
7669.734
7629.944
20633.885
1357.168
515.760
16672.767
3572.866
19173.329
30395.497
1322.368
23460.009
8.770
25834.061
8093.117
266.516
8644.809
27809.383
2.919
572.555
20255.307
15906.275
5104.304
1378.000
6515.501
9858.509
1045.365
10836.823
26028.761
19.851
24126.072
703.309
3047.216
41394.243
8307.841
1531.843
9232.766
572.555
4065.150
5138.599
5259.847
21.206
5784.169
98.295
3086.868
159.968
5701.063
4929.115
3.317
30.953
4580.442
21761.377
8230.847
24275.159
13480.094
2124.076
7.755
10781.694
110.424
5999.304
2659.388
12.530
2500.097
34395.400
12315.238
4139.085
1453.872
3823.075
17062.805
12535.938
7800.872
19231.113
1693.345
626.112
38329.003
30516.479
1305.518
3858.661
3216.991
3748.327
1146.028
16317.691
6573.191
1998.447
9108.542
5571.528
17328.606
10386.861
1096.998
26775.686
1357.168
6627.291
9479.336
21103.074
26.217
402.124
21882.259
572.555
11.722
1464.674
19386.640
1019.936
1725.520
3.556
5416.763
15114.556
40978.346
3188.335
11393.610
14978.048
5160.349
11335.917
101.511
12055.893
3984.732
6.977
279.860
27721.649
4186.187
3599.332
8362.920
435.211
412.095
7282.729
953.543
17771.792
50194.587
1357.168
4620.962
18434.745
12257.362
5.863
7.375
2650.719
1323.034
465.769
4709.333
2977.388
1357.168
22728.199
18525.972
21.761
32541.607
18128.849
2688.922
17769.548
5387.046
0.785
98.175
58.760
14.758
12313.078
17154.116
2342.350
10770.568
2712.869
21989.816
6862.611
3188.198
45.869
4940.198
51057.008
12576.827
10302.382
5355.590
3059.395
373.443
38131.215
13351.337
2650.719
16599.370
54.463
124.430
23061.401
177.875
3858.661
1098.921
1065.724
7179.615
15940.440
5223.308
1725.520
20660.179
16477.217
23761.413
23129.580
4313.030
22418.024
2155.133
11716.372
3216.991
3728.256
169.646
46.155
2031.904
28257.007
21621.927
2.442
14764.549
37048.131
2155.133
2650.719
1112.657
50.265
12331.447
402.124
16828.166
5632.335
18989.350
624.963
3215.488
11307.894
10637.553
1725.520
35403.503
20.806
269.392
100.238
12620.418
29788.521
89.745
26636.361
6216.182
269.392
766.085
10044.822
58.044
22969.366
464.294
5.625
50.265
11430.607
1534.643
15745.794
3216.991
138.084
15296.368
1725.520
7627.587
2802.248
19147.595
11080.386
1357.168
2132.131
27679.703
8199.462
9463.585
1725.520
2826.561
1415.819
68.787
18.544
5609.074
515.119
402.124
32714.017
698.089
13755.923
6905.892
4115.824
372.030
3216.991
5151.191
28721.392
42124.501
7.118
36764.230
1465.228
785.398
619.666
785.398
7144.129
17029.990
53415.919
10314.470
173.894
4.945
12165.785
2380.262
114.244
195.646
28.680
61.906
15831.052
572.555
7510.436
1615.413
3216.991
3216.991
287.185
949.467
9249.478
15459.401
567.455
26227.255
2908.706
5853.487
4541.388
1453.323
15274.156
12573.668
23967.919
14510.058
3850.801
13884.680
177.872
2943.486
2078.196
4316.423
8111.271
169.646
0.785
34190.788
1439.266
30719.117
44362.907
6.283
12276.730
8851.790
2197.841
15043.126
9248.109
20101.183
782.981
9913.776
26447.359
3.158
30707.800
7411.945
10027.926
17232.908
6153.956
1454.605
14165.775
3091.561
4580.442
7601.418
17374.669
4774.994
6008.349
29229.188
29011.959
13846.308
5807.891
3319.656
4240.660
24765.626
1045.365
1925.356
785.398
646.165
269.392
537.477
0.434
354.585
696.441
402.124
269.392
11673.606
346.572
6.283
572.555
1416.051
1078.408
5237.239
17.623
23817.232
2953.899
1045.365
797.816
5666.310
4600.219
2624.543
5343.001
1259.546
8052.204
34384.916
1329.694
6182.650
12014.866
1724.582
7579.256
3459.963
1391.966
25031.761
1483.543
311.054
22624.861
419.502
572.555
31862.794
142.063
2122.800
3080.641
300.417
60.909
15546.111
9367.165
25432.911
8712.106
18.607
785.398
27739.259
4361.616
183.153
10028.750
4580.442
2155.133
191.799
19502.180
26914.137
6780.897
175.883
29599.876
8362.920
8001.425
3187.786
13546.762
21110.313
19688.996
7872.897
45698.892
4385.564
2386.077
4062.573
12694.137
2772.577
1978.881
50.265
2840.353
6988.495
2088.819
11606.068
5887.285
18472.857
6304.004
14886.942
42197.060
10076.370
15568.043
3390.720
402.124
1777.571
56.948
1389.959
34692.261
44058.234
11717.390
2650.719
21.206
2155.133
1.089
7038.398
1357.168
13068.777
6832.173
1125.759
7617.032
8620.667
269.392
169.646
616.128
34464.441
13238.881
2650.719
39638.966
6955.322
572.555
7570.465
11393.610
177.293
37528.894
12617.441
48572.569
6286.834
17046.412
15145.554
10971.624
27242.616
28409.603
5584.715
2074.921
2039.872
1045.365
25468.387
1379.054
14194.393
4.192
24556.894
42155.456
12694.732
82.648
13503.538
169.646
17397.197
14556.029
14809.468
37451.174
1758.273
1061.037
11433.537
836.050
44832.985
952.764
2352.423
3216.991
1213.758
33489.495
38227.114
20657.695
8746.756
2382.780
20244.999
785.398
402.124
10864.480
3052.047
98.175
1607.913
152.010
11088.659
16635.764
1357.807
4758.922
48.017
36394.391
3811.057
41897.915
3375.884
193.788
1542.885
25065.832
44.873
785.398
9593.807
10015.563
6.659
1950.218
29910.157
6283.185
21.206
1299.795
50.265
38489.072
19565.360
2201.230
9472.733
9193.822
40540.503
2269.821
22750.406
23124.842
4262.897
10245.925
22012.298
7389.971
5931.556
9277.272
4108.439
24.383
180.049
24065.796
19745.957
3726.467
26137.554
140.662
5391.301
1114.831
7697.024
548.499
21.206
3944.112
8400.150
1045.365
1373.101
5081.409
54.168
4451.362
1429.192
232.306
4125.750
7273.572
19015.541
3216.991
729.180
2637.410
25235.585
4704.846
32733.239
6099.010
5801.889
169.646
10755.686
32483.928
41281.667
1725.520
4570.823
1978.057
6283.185
9640.889
11540.957
12917.950
975.109
20946.359
13911.322
13722.742
7715.660
27823.848
3216.991
9573.797
40788.861
50101.106
1357.168
3185.725
346.148
16.986
4.590
13563.749
30782.601
2370.555
5265.563
21984.275
13187.049
23285.937
10584.275
5308.840
21541.135
11914.036
572.555
8488.297
5387.046
10545.060
9778.746
115.707
15.395
3867.926
21104.676
15531.413
3858.661
7198.663
132.630
8377.073
20677.292
8782.574
38242.577
2225.223
17590.058
12617.533
3168.188
1045.365
30445.236
3858.661
3.874
318.853
11945.085
1582.446
269.392
4861.313
17346.910
3853.791
42347.469
1894.392
10923.821
18909.312
38692.759
1298.100
33005.346
35796.025
12789.239
3987.205
7155.393
3858.661
7088.039
4549.299
102.785
3216.991
3095.293
10001.781
2520.812
2.362
1679.533
4.487
1725.520
2224.123
572.555
10256.593
8301.430
38035.571
20854.539
9104.192
3619.315
5610.219
21035.998
497.639
22116.148
27037.512
21.124
12823.168
25767.825
30427.404
178.025
16117.504
10573.311
2701.010
8466.268
4882.138
5.545
16632.989
62.205
5853.218
402.124
1418.340
19061.879
1.725
2906.645
2022.033
3847.825
314.887
22181.996
2650.719
1.465
1357.168
8523.223
23780.774
749.913
27888.167
19788.815
21982.257
9776.227
22573.342
576.933
402.124
6623.797
27264.589
25625.514
9028.229
15595.846
1045.365
1383.803
4580.442
136.094
12240.374
93.872
21847.643
12271.776
9133.829
21988.237
9285.880
2124.580
10554.035
18613.107
30.673
21547.821
4580.442
9455.022
6376.671
693.144
2528.662
11497.458
23336.131
5984.356
11126.572
7469.227
14931.356
45176.242
1536.293
13.166
79.866
1045.365
8125.145
53.847
11868.344
18926.162
33376.808
4140.079
23680.440
19824.713
4941.068
14183.403
57.328
10769.423
42024.576
572.555
3858.661
17052.319
14652.276
24.944
50.265
12787.591
25893.502
14385.833
43130.411
3.715
14876.639
2748.446
158.245
1045.365
39432.923
157.978
2418.633
2136.302
1172.182
1517.197
5626.474
574.546
21.442
1725.520
269.392
24161.089
40337.386
4293.804
1755.160
9236.429
402.124
1045.365
282.697
661.184
572.034
13951.897
10535.021
9143.570
6519.164
58.221
22478.057
12154.758
5449.960
16625.571
37447.016
22402.781
26533.578
33925.277
13636.919
6181.429
18933.674
10114.649
7984.346
2422.204
169.646
17399.578
9174.889
3237.191
5997.131
82.419
238.036
6438.989
7273.572
3337.972
1725.520
269.548
572.555
66.639
21971.958
15249.173
21108.069
21315.399
41.572
6923.201
269.392
5270.286
8101.716
118.683
21521.263
6283.185
9373.931
572.555
11156.243
8257.290
3858.661
12891.897
14872.470
9377.457
6770.954
11986.569
120.179
2482.096
169.646
181.851
2592.445
16288.890
6133.626
12.211
128.207
14332.056
92.630
5.227
10463.923
8004.905
23503.711
14093.658
785.398
1904.796
6469.346
17053.326
5784.418
39006.498
1357.168
21.206
15717.085
16996.640
11024.002
18214.977
528.031
3563.434
1725.520
79.397
2742.906
338.349
1.327
1067.747
33.694
31339.625
3738.528
2618.295
40763.910
11956.303
17801.783
32509.738
12526.277
98.175
2155.133
31439.712
12931.000
29463.346
6103.955
106.604
19881.203
3124.094
6979.841
7273.572
39541.577
265.939
10156.042
8774.025
1627.555
26.535
29152.253
18399.642
0.785
3216.991
5387.046
5.861
6563.487
105.863
8077.067
21072.709
9256.575
50.265
15140.930
21702.951
19303.092
12759.523
6730.889
68.407
98.175
2803.896
43.720
1725.520
35616.575
2198.757
18164.976
8078.716
3719.160
20102.159
2637.410
39503.243
5452.020
2082.729
27647.219
5950.656
7.216
448.360
18610.726
771.442
30678.203
38.783
10743.736
1611.750
460.676
6.283
45.153
19.533
41566.901
222.119
2726.056
150.020
16860.145
2926.609
112.221
8914.445
18964.441
561.301
17939.126
23465.987
28321.018
9463.081
1045.365
8439.711
626.843
11484.683
4611.758
402.124
38890.502
9494.675
2390.839
22.506
13246.390
3074.607
14951.549
491.234
7351.322
24267.832
283.759
13192.543
12928.621
18956.199
937.746
2650.719
24478.459
15394.048
4521.967
515.719
16154.135
3981.115
689.527
163.946
1.009
7320.186
5833.437
23574.826
2261.579
9471.598
19297.185
16593.886
25904.154
26353.584
54.247
3923.971
22388.339
2868.063
47869.422
2109.928
6769.901
10044.731
9001.946
7210.019
153.999
20959.446
4622.289
7386.212
2289.418
65.922
7637.606
29.400
2592.089
27015.134
39938.181
4580.442
3494.247
9779.362
13528.960
169.646
21062.647
19009.039
3294.198
169.646
877.580
18022.322
51821.270
10851.974
23937.515
997.271
16410.549
2155.133
6.283
132.969
11107.891
21992.059
10982.087
46809.928
20510.897
1253.223
30067.707
26615.962
4675.158
269.392
1057.894
28869.242
1868.944
1357.168
21541.044
22.894
12814.514
215.117
16483.811
6593.524
12946.751
11205.620
2650.719
2770.196
39452.000
70.954
704.042
146.523
84.959
18957.290
912.604
6732.690
4154.744
12565.609
80.771
2856.724
19835.519
847.232
544.446
6751.769
22367.106
11716.281
7810.854
27.248
235.171
2869.007
11.257
98.175
11175.474
32585.551
12254.744
1046.556
4509.971
897.348
2650.719
3590.174
272.061
2155.133
5910.140
2297.477
888.477
2155.133
846.902
19.214
1077.583
28068.330
3930.153
26163.104
26860.599
572.555
5766.953
1.465
15701.929
30.113
21.206
18199.554
7719.585
14.582
17202.688
6512.387
1966.012
255.224
21172.539
10514.611
6.283
398.908
50.265
8362.920
12458.165
169.646
291.558
1462.435
3733.400
8928.548
9566.108
2861.773
20310.619
343.413
7.932
3858.661
785.398
16683.631
125.703
1586.842
2186.532
1357.168
1045.365
