11201 64636
4466 27617
7333 40673
3534 20541
1899 10873
357 2014
1594 8840
6934 38081
2257 13727
8773 51562
2630 13917
1014 4917
1820 9911
5792 37363
3093 16931
72 486
948 5465
3365 19252
5928 32373
308 1559
2294 15069
12142 70938
118 705
638 3483
111 602
8326 50868
3137 17060
1030 5875
6690 36817
3922 25669
1196 6125
7145 41560
114 697
6131 38857
6647 36558
3686 20548
9242 57238
203 1190
3836 22603
2020 12152
3882 22073
378 2140
7670 44538
2446 13378
3999 21714
6303 37858
4904 29642
2764 17791
3611 23057
2577 13642
3769 23860
2201 14653
10567 64282
3796 23589
7629 45780
3869 21662
5908 36497
994 5210
7263 42981
9791 56502
3344 18610
6466 35472
502 2866
1858 12124
11504 68674
653 3160
1233 7548
1850 10070
1274 7298
307 1923
1749 10463
2436 13216
2762 14788
493 2774
2803 18170
1060 6374
1570 8327
4391 24437
8432 51190
467 2194
5064 27714
6307 35043
2655 14609
451 2632
3038 16635
100 488
1780 9323
3049 17164
5 11
2041 12578
1008 5361
6957 44822
3041 16416
9004 52705
755 4737
300 1731
1421 7661
4244 23229
4718 28636
10197 58865
320 2448
193 1176
4117 23221
5219 31390
8144 50958
3670 19575
1228 7091
5442 32808
5230 31755
5469 32220
1827 10819
3507 20274
3863 20873
16 111
2208 12867
5781 38156
10491 60490
8449 49474
3349 19100
5748 34722
12705 75225
9530 54936
3457 18920
7337 40741
10367 60533
5674 30605
11199 64765
11176 64698
319 1855
207 1167
8871 50062
3477 18386
905 5347
3809 21893
6036 35047
264 1544
1721 10020
1808 11516
1313 7763
608 3501
3519 18528
2411 13151
6093 33940
1739 9203
8614 52575
2634 14328
1690 9917
6777 41194
6012 36382
172 939
11558 66974
527 3056
3053 20098
108 616
836 5481
9949 58469
3764 20297
1842 10331
406 2480
61 216
4767 31523
5254 29117
2989 16105
10345 59838
2194 13581
2555 13803
4456 28768
4214 27331
4835 26178
7103 39407
5 40
4797 26221
1657 9206
5304 34074
5203 28731
5427 29791
10736 62226
9358 53855
3564 20113
2438 12829
941 5271
905 5360
6211 34454
2831 17575
1226 6275
11898 72008
7863 48614
3430 19229
1902 10377
35 260
3169 18267
9460 58631
2981 17860
5387 29926
1037 5824
3530 20156
2895 16362
1034 5952
3238 19407
1633 11189
886 4195
12502 74396
625 3759
6111 33789
4478 27021
10077 59028
287 1785
1749 9602
904 4708
3826 24684
4818 26844
3317 18355
381 2376
4102 26696
3757 21879
1593 8646
2408 12367
8335 50582
6647 40311
4506 25596
7643 47325
9300 52931
3074 16654
3109 20232
70 419
2670 15082
818 4176
7525 41191
4647 26473
9000 52728
706 4081
42 222
1008 7135
4769 28183
3576 18953
10363 63533
3446 20306
502 2946
10044 57942
1807 10832
7 95
139 923
757 5200
1116 6686
569 3584
3589 20136
1414 7438
1503 9590
2813 15117
2174 11758
6497 37543
8297 49700
11684 70568
755 4485
881 4443
7271 40123
1399 8400
673 4090
9374 54698
7985 44604
952 5637
7010 39214
4673 25550
235 1465
6309 38239
3297 18361
8463 49550
2651 17337
153 1026
2411 13499
11240 64979
4539 28358
1601 10420
4313 27953
255 1474
10895 62838
5481 32752
4529 24504
6534 39501
5289 34067
8297 49705
122 695
1860 10114
213 1294
1660 10568
4261 25116
7143 43170
426 2374
3878 20807
4442 24579
7931 46303
3990 22166
2000 13381
4255 24113
1623 8634
791 4572
10744 62223
6288 36586
12459 72550
1854 9870
793 4555
783 3651
4054 21618
2589 14619
552 3549
12181 72183
1487 7895
1220 6825
2410 13313
3287 17450
5092 28131
4142 23237
6606 36146
6721 39294
13 87
720 5086
12131 71530
6995 40024
4958 27228
3176 20248
4 39
10520 61514
2487 12944
15 71
4475 24873
256 1837
8463 49353
3929 21144
84 412
4991 27520
7553 47378
470 2437
610 3438
247 1598
488 2733
9151 51655
6526 41146
2450 13627
10052 58950
6332 35114
5080 28198
3260 17284
3565 20061
1132 6865
924 5225
1052 5487
2961 15965
836 5341
2230 11754
6700 40111
6015 34972
2513 14484
4752 29573
2928 18418
7473 44937
107 663
7428 43466
6306 34820
652 3728
443 2679
9905 58078
11061 65845
6115 34275
12 36
3103 19704
2081 11137
555 3007
44 240
472 2768
9258 53346
1108 5774
381 2098
350 2525
481 2748
9863 59519
909 4679
5688 31451
12857 75711
624 3131
8378 52243
7324 42115
2639 17040
12959 77101
8195 47907
7010 44400
4631 25185
546 3051
1751 9693
7363 43721
4201 27435
6879 37934
6621 36720
3648 19855
99 532
18 94
190 1073
3518 18893
8245 48232
1517 7923
6459 35209
1731 11892
4614 25026
4951 29081
2710 14061
8412 49821
808 4853
3481 19974
758 4752
7143 43497
8704 49695
752 4447
363 2216
2587 17221
10510 62503
2937 15148
3867 20643
1231 6667
618 3720
779 4002
249 1432
7973 49322
2898 15563
3559 23069
997 5026
82 362
5719 36409
12268 71007
549 3048
10633 61518
217 1295
4955 27212
1467 8126
25 91
7905 44003
513 3258
860 5081
2708 14008
8598 49914
1677 9661
10392 63724
1052 7481
1952 12609
13235 77907
2421 14928
649 3422
4515 27983
118 758
5111 27778
654 4829
1794 9726
9241 54211
7670 42098
6843 39203
1153 6243
3349 17770
70 425
606 3508
1136 6647
2826 18101
795 4838
1761 10682
4787 26741
1451 9126
1421 8353
4585 28639
217 1238
4576 28302
5677 34249
11930 70078
3120 16725
4392 23768
2955 16604
325 1985
1223 8458
2022 10799
3052 20047
2845 14784
1738 9600
1512 8105
12826 75738
61 481
10287 59465
4575 25759
3921 21747
2363 12626
583 3854
12159 73239
7582 42063
7801 45632
135 1009
3196 20859
9641 55711
95 606
2398 13178
5295 29352
2110 11248
1495 8847
2809 15444
6972 38298
2203 12067
1970 12720
2994 19747
6662 42320
4045 25388
2869 18306
4532 26461
4133 22965
4792 26844
577 2759
4476 27203
13105 77071
1700 9695
78 461
4950 30182
1548 10071
3851 21769
4803 28336
1812 9396
12893 76837
1152 6217
1594 10164
2260 12461
680 3615
6308 35738
5383 29922
6982 42360
101 542
4454 24696
8549 48473
7198 43578
8578 53603
4392 28857
10155 59685
637 3235
2312 12002
7466 41436
1536 8065
1853 9609
1058 6182
545 3515
891 4267
3018 16702
1565 9654
8320 49515
4269 28140
439 3470
177 995
1001 5459
2025 13051
10061 58127
3284 17403
568 3534
8840 54203
505 3018
394 1904
3366 17829
2361 13654
9918 57157
2993 17134
3544 19620
3613 19390
4433 24541
158 756
1404 7334
1098 6719
8173 45226
742 3689
9134 51731
3975 25688
5411 30013
2412 13337
6284 34906
4778 26169
279 1635
4299 26887
5149 28280
2237 14843
2981 16295
4940 29529
5815 38298
2961 16737
3802 22176
2646 14128
7494 42566
13225 78720
2677 14400
2228 14649
7258 39754
3522 23084
131 674
3231 17418
11587 67290
1985 11002
670 3519
5018 30297
5851 31619
1297 7696
7627 45903
3135 17317
5583 31029
910 4549
9284 54414
6006 35201
2003 11317
891 5361
3663 20289
8228 48898
180 952
7269 40246
9064 55137
5747 33112
2056 11722
5139 28250
122 762
4198 25513
1951 10595
110 583
5766 31787
988 5833
5919 35765
2741 14823
12814 75699
4262 24034
217 1272
663 3725
4257 22908
759 4321
2770 17219
124 566
1162 7323
1900 10492
969 5727
5360 32067
2174 11944
267 1459
4039 22882
1308 6878
2844 15544
5104 33787
5115 30989
7486 41524
1696 10770
5317 33443
8932 49600
6217 34057
12106 70685
774 5526
258 1500
5295 28839
2833 17717
1519 8103
3186 16715
1428 9973
39 149
1876 10522
77 452
10801 62480
3701 23608
5630 32428
8696 49334
4146 23495
1219 6272
5580 30036
416 2300
6176 33549
3536 20967
318 1763
6320 40519
163 964
4355 24228
1705 11459
2328 12592
11584 67653
1318 6931
1337 6994
8738 49279
1033 6169
1514 9601
40 213
5263 31666
571 3395
743 3833
5008 27578
1909 10398
487 2962
1553 8537
985 5965
3609 19175
6634 41448
6479 39057
2892 15475
2407 13848
2740 15272
5782 31803
698 4040
9547 54955
1161 7248
152 1029
925 6768
2763 15192
2145 12330
1396 8483
6868 37537
1389 7192
543 3642
565 3836
3427 18443
4065 23843
6684 36899
4959 30353
2518 13648
226 1812
3322 18635
8514 52907
4879 26623
765 4817
9352 54864
6630 39709
554 3492
11689 67774
3413 21934
11562 70065
313 1892
4668 28001
4992 29998
1404 8282
138 933
341 1964
17 68
4400 27736
1686 9355
122 530
5470 29888
825 4785
1169 7039
721 5018
1479 9469
101 532
1298 6656
6011 32772
2249 12050
2735 14199
3973 21838
4506 28190
1772 9330
1874 9802
3737 24011
4803 26472
2369 14467
53 244
13908 82906
1382 9114
12836 75542
7159 43058
8321 50226
7179 40316
1274 8710
6495 36974
1838 9599
5751 36447
1729 9533
1 1
6342 38428
1488 7437
2396 12156
7378 42404
2912 16359
1376 7441
213 1737
5764 34602
2972 15264
7987 46536
2903 15065
3996 22554
6358 38645
26 128
8428 46520
7935 48797
5911 31992
234 1386
2436 14494
12914 76995
4240 23014
645 3100
963 5641
3689 20580
8209 45354
1390 7943
5355 29683
4122 22234
5222 28980
1115 6486
72 544
1200 6820
1329 7097
1748 9796
1779 9232
5543 34603
6509 36966
1933 10909
1279 7123
1169 6807
4049 26243
9250 56762
8238 47978
5272 28718
3986 22753
284 1610
1747 9468
3129 19812
3233 16968
3539 19874
7599 45698
434 2560
4693 28058
2127 11791
4051 21595
3416 17921
10219 61400
2713 14866
7296 40094
12724 75460
6139 33896
299 1707
283 1616
7083 42701
946 5611
965 6700
402 2574
4002 21659
3221 17936
1473 8025
2345 15137
257 1575
58 330
3180 17711
6015 34920
6846 37748
3907 23209
1199 6617
5119 28234
1152 6171
6112 34010
5591 31070
3089 20797
3083 16872
610 3657
3675 19704
6433 36565
4000 25073
10152 61840
960 4828
2515 14762
8521 50454
4178 22561
190 1176
3603 19086
837 4396
1540 8227
8694 50535
4385 23851
3659 21653
873 6269
3864 23867
1833 9571
3340 17696
6648 40258
6750 40951
777 3968
5480 33220
2658 17588
2049 11270
8901 54693
9575 55119
5894 36592
4567 24716
9221 52118
4444 27467
5959 38337
2757 14936
654 3911
680 4084
9951 59314
4484 24437
25 256
2478 13940
3849 24222
3266 20780
6604 41706
2141 13374
11586 70147
24 183
571 3208
3097 16804
2980 16254
3221 17815
2461 16463
711 4111
195 1036
1165 7487
5916 34038
5427 29775
9831 61103
44 250
1522 9607
2273 15118
137 792
4591 25009
3116 17423
497 2920
272 1686
5345 29420
2686 15207
4403 28903
1040 5812
295 1517
2255 12441
4490 24146
3618 19915
886 5243
723 3776
9452 57012
5781 32287
7052 38948
820 5947
253 1475
6373 38265
750 4414
25 117
7684 47727
5620 33949
305 1960
2482 13735
53 285
1175 7024
984 5986
13815 82104
4369 24787
4228 22964
7039 39551
163 916
1063 5270
70 453
1019 5980
4748 25835
7111 39376
756 4449
498 2805
8241 46227
304 1797
3773 20062
548 3105
1084 5610
5572 33424
6704 40118
2146 14422
312 2029
0 6
1937 10434
491 2993
3655 21254
8938 51677
1865 10385
3712 19964
8147 49627
10240 60131
746 4287
1822 10587
6778 37010
2216 12222
708 3706
352 2102
5145 32725
6800 37236
1001 5272
2218 13387
1822 9565
2988 19935
3751 19957
10297 61354
2168 12525
5105 28152
1679 10652
9747 57009
104 670
3129 17742
5877 38041
344 1464
596 3236
672 3956
539 2793
690 3941
6429 35199
1217 6911
3938 20927
884 6252
31 185
242 1433
282 1577
10381 61165
848968 5156154
120242 735528
170304 986501
1029105 6298077
147117 909208
51413 305756
570561 3497104
555791 3410852
124215 758917
213140 1248565
10442 63280
991309 6084713
64658 396932
603631 3711298
391314 2394160
303900 1878331
902057 5477762
109305 669635
210392 1294696
297780 1801530
