Instancia 1
infelizreprovado

Instancia 2
nmzhunukxhjvx

Instancia 3
trzqtcdncbflvotb

Instancia 4
ztxzrmevxcqgqfsii

Instancia 5
tfxrqgn

Instancia 6
mikrpgdbcqjhiclyp

Instancia 7
dppnpjhxm

Instancia 8
anvqqnkjsurda

Instancia 9
ldkgkasovplmz

Instancia 10
oqemjrxfpwcj

Instancia 11
mqx

Instancia 12
vhpowekxwicbquwtyfeq

Instancia 13
gzreueuyou

Instancia 14
kisp

Instancia 15
lnlbwkodgbybxeszqg

Instancia 16
shtbpxjqyvdopalzt

Instancia 17
suluvifjvoumybyy

Instancia 18
skethzjaruxbpuqsti

Instancia 19
mogl

Instancia 20
oub

Instancia 21
mww

Instancia 22
lsmimn

Instancia 23
yuwoggnwpzlywjfmmg

Instancia 24
qmvpmrzms

Instancia 25
sxtzueiz

Instancia 26
oxga

Instancia 27
vdpxczoxwjt

Instancia 28
omfzfbi

Instancia 29
tfigjovjdwqph

Instancia 30
vgwjmznydendmct

Instancia 31
zbkraneca

Instancia 32
rghxgycy

Instancia 33
yyhotvdy

Instancia 34
soknrpbuooyq

Instancia 35
xddl

Instancia 36
tpwcokjycfjf

Instancia 37
yctxpxprzmiezwhk

Instancia 38
ygfmmo

Instancia 39
ypwzs

Instancia 40
zjvwjnbdgcszoold

Instancia 41
yqvkgb

Instancia 42
xeyopqoymuvoj

Instancia 43
zdbcasdoyzkufh

Instancia 44
vzvdmyrmt

Instancia 45
y

Instancia 46
ubjcgmsutyllazwhhafu

Instancia 47
yrmypdynxexipvb

Instancia 48
zyqe

Instancia 49
rpo

Instancia 50
wxcpvhkhjzebyiexpew

Instancia 51
zfupreosrjyirubw

Instancia 52
yyzxhuswu

Instancia 53
yoniqykju

Instancia 54
zrogndhx

Instancia 55
zeuhnotkpeoqqwzb

Instancia 56
y

Instancia 57
vwuqmunnrmdtostb

Instancia 58
zs

Instancia 59
xdpenqqbozurnc

Instancia 60
yonozttcydjrusf

Instancia 61
yvm

Instancia 62
znvtufnpjxkeqtmrlm

Instancia 63
ngbgl

Instancia 64
zgnygps

Instancia 65
wxfkyxhr

Instancia 66
zchcayjm

Instancia 67
ytv

Instancia 68
zqqjckuqcouandax

Instancia 69
zzyv

Instancia 70
yqcfzxqyz

Instancia 71
ztkbgxjwledibcahsxs

Instancia 72
zokzlt

Instancia 73
xvyjxdocfamexpenzk

Instancia 74
yfarkstbdavnfu

Instancia 75
zwsykkezuj

Instancia 76
ytkusmza

Instancia 77
zkiblhd

Instancia 78
ztdzotgyd

Instancia 79
yheuoywg

Instancia 80
yxk

Instancia 81
vhdahrpinatzff

Instancia 82
sv

Instancia 83
weeifetouiub

Instancia 84
ttosltzsfbubcapmh

Instancia 85
ziz

Instancia 86
wrvdujlipkuabycevwp

Instancia 87
xmaf

Instancia 88
wtzswjnefxg

Instancia 89
vyguarzgrybqer

Instancia 90
wqfgfzfdrkpbbfge

Instancia 91
zapfjyzulxdkawvy

Instancia 92
yxkcdnjq

Instancia 93
vdlwxrejuevo

Instancia 94
zxojjpnydpnxcwpn

Instancia 95
whkad

Instancia 96
xi

Instancia 97
ytiadecqvextf

Instancia 98
ouvrzp

Instancia 99
tegzlpvntltidzdba

Instancia 100
wzgktbhzdwxnxbsgpad

Instancia 101
zifs

